Using software stack: 2024
Using Python module: Python/3.12.3-GCCcore-13.3.0
Python 3.12.3
============================================================
JaxMARL-HFT 4x H100 training job
============================================================
Job ID:             24266897
Node:               gcn107.local.snellius.surf.nl
Started:            2026-06-28T12:11:53+02:00
Repo:               /home/adong/JaxMARL-HFT
Data root:          /home/adong/JaxMARL-HFT/data
LOBSTER dir:        /home/adong/JaxMARL-HFT/data/rawLOBSTER/AMZN/train
Stock/period:       AMZN / train
NUM_ENVS:           4096
NUM_STEPS:          64
TOTAL_TIMESTEPS:    8388608
Expected updates:   32
Requested GPUs:     4
CUDA_VISIBLE_DEVICES=0,1,2,3
============================================================
GPU status before training:
Sun Jun 28 12:11:53 2026       
+-----------------------------------------------------------------------------------------+
| NVIDIA-SMI 595.71.05              Driver Version: 595.71.05      CUDA Version: 13.2     |
+-----------------------------------------+------------------------+----------------------+
| GPU  Name                 Persistence-M | Bus-Id          Disp.A | Volatile Uncorr. ECC |
| Fan  Temp   Perf          Pwr:Usage/Cap |           Memory-Usage | GPU-Util  Compute M. |
|                                         |                        |               MIG M. |
|=========================================+========================+======================|
|   0  NVIDIA H100                    On  |   00000000:06:00.0 Off |                    0 |
| N/A   32C    P0             67W /  700W |       0MiB /  95830MiB |      0%      Default |
|                                         |                        |             Disabled |
+-----------------------------------------+------------------------+----------------------+
|   1  NVIDIA H100                    On  |   00000000:26:00.0 Off |                    0 |
| N/A   31C    P0             70W /  700W |       0MiB /  95830MiB |      0%      Default |
|                                         |                        |             Disabled |
+-----------------------------------------+------------------------+----------------------+
|   2  NVIDIA H100                    On  |   00000000:A6:00.0 Off |                    0 |
| N/A   33C    P0             66W /  700W |       0MiB /  95830MiB |      0%      Default |
|                                         |                        |             Disabled |
+-----------------------------------------+------------------------+----------------------+
|   3  NVIDIA H100                    On  |   00000000:C6:00.0 Off |                    0 |
| N/A   32C    P0             66W /  700W |       0MiB /  95830MiB |      0%      Default |
|                                         |                        |             Disabled |
+-----------------------------------------+------------------------+----------------------+

+-----------------------------------------------------------------------------------------+
| Processes:                                                                              |
|  GPU   GI   CI              PID   Type   Process name                        GPU Memory |
|        ID   ID                                                               Usage      |
|=========================================================================================|
|  No running processes found                                                             |
+-----------------------------------------------------------------------------------------+
CUDA_VISIBLE_DEVICES: 0,1,2,3
JAX version: 0.10.2
JAX devices: [CudaDevice(id=0), CudaDevice(id=1), CudaDevice(id=2), CudaDevice(id=3)]
JAX local device count: 4
OK: JAX can see 4 GPUs
/gpfs/home4/adong/JaxMARL-HFT
Num Jax Devices: 4 Device List: [CudaDevice(id=0), CudaDevice(id=1), CudaDevice(id=2), CudaDevice(id=3)]
Num Jax Devices: 4 Device List: [CudaDevice(id=0), CudaDevice(id=1), CudaDevice(id=2), CudaDevice(id=3)]
Loading the env config from file 
	config/env_configs/2_player_fq_fqc.json 
********* DEBUG ********** 
 Loaded env_config:  MultiAgentConfig(world_config=World_EnvironmentConfig(maxint=2147483647, init_id=-2, book_depth=10, cancel_mode=1, type_4_interpretation=0, seed=42, nTrades=100, nOrders=100, simulator_mode=0, empty_slot_val=-1, debug_mode=False, check_book_fill=True, start_resolution=64, alphatradePath='/gpfs/home4/adong/JaxMARL-HFT', dataPath='/gpfs/home4/adong/JaxMARL-HFT/data', stock='AMZN', timePeriod='train', n_data_msg_per_step=100, window_selector=-1, ep_type='fixed_steps', episode_time=64, day_start=34200, day_end=57600, tick_size=100, trader_id_range_start=-100, placeholder_order_id=-198, artificial_trader_id_end_episode=-199, artificial_order_id_end_episode=-199, any_message_obs_space=False, order_id_counter_start_when_resetting=-200, shuffle_action_messages=True, use_pickles_for_init=True, save_raw_observations=False), dict_of_agents_configs={'MarketMaking': MarketMaking_EnvironmentConfig(debug_mode=False, short_name='MM', normalize=True, clip_reward=False, exclude_extreme_spreads=False, fixed_action_setting=False, fixed_action=0, simple_nothing_action=True, sell_buy_all_option=False, based_on_mid_price_of_action=True, tenth_action='MarketOrder', bob_v0=1, action_space='fixed_quants', observation_space='basic', reward_function='spooner_asym_damped2', spread_multiplier=3.0, skew_multiplier=5.0, n_ticks_offset=1, fixed_quant_value=1, auto_liquidate_threshold=0, auto_liquidate_alpha=1.0, unwind_price_penalty=0, inv_penalty='none', volume_traded_bonus='none', reference_price='mid', unwind_price='mid', inv_penalty_lambda=1.0, inv_penalty_quadratic_factor=50.0, inv_penalty_threshold=10.0, multiplier_type='tick', reward_scaling_quo=10.0, inventoryPnL_eta=0.6, inventoryPnL_gamma=0.1, rebate_bps=0.4, unrealizedPnL_lambda=0.1, avst_k_parameter=0.61, avst_var_parameter=280, time_delay_obs_act=0, n_actions=10, num_messages_by_agent=4, num_action_messages_by_agent=2), 'Execution': Execution_EnvironmentConfig(debug_mode=False, larger_far_touch_quant=False, normalize=True, short_name='EXE', action_type='pure', task='random', action_space='fixed_quants_complex', observation_space='engineered', reward_function='normal', task_size=600, n_ticks_in_book=1, fixed_quant_value=10, reward_lambda=0.1, reward_scaling_quo=10.0, doom_price_penalty=3, reference_price='far_touch', time_delay_obs_act=0, n_actions=13, num_messages_by_agent=8, num_action_messages_by_agent=4)}, number_of_agents_per_type=[1, 1])
Note: The sweep parameters in yaml will override these settings.
Create sweep with ID: a7wftnj7
Sweep URL: https://wandb.ai/ark-dong-university-of-amsterdam/h100_4gpu_4096_8388608_test/sweeps/a7wftnj7
The sweep ID is:  a7wftnj7
Final check: the wandb.config object used in this run is 
 	 {'LR': [0.00025, 0.00025], 'NUM_ENVS': 4096, 'NUM_STEPS': 64, 'NUM_STEPS_EVAL': 64, 'GRU_HIDDEN_DIM': 256, 'FC_DIM_SIZE': 256, 'TOTAL_TIMESTEPS': 8388608, 'UPDATE_EPOCHS': 4, 'NUM_MINIBATCHES': 4, 'GAMMA': [0.999999999, 0.999], 'GAE_LAMBDA': [0.85, 0.9], 'CLIP_EPS': 0.2, 'SCALE_CLIP_EPS': [False, False], 'ENT_COEF': [0.01, 0.01], 'VF_COEF': [0.5, 0.5], 'MAX_GRAD_NORM': [0.5, 0.5], 'ACTIVATION': ['relu', 'relu'], 'ENV_NAME': 'JAXMARL-Lob-v0', 'NUM_AGENTS_PER_TYPE': [1, 1], 'N_DEVICES': 4, 'ENV_CONFIG': 'config/env_configs/2_player_fq_fqc.json', 'ANNEAL_LR': [True, True], 'ENTITY': 'ark-dong-university-of-amsterdam', 'PROJECT': 'h100_4gpu_4096_8388608_test', 'WANDB_MODE': 'online', 'CALC_EVAL': False, 'TimePeriod': 'train', 'EvalTimePeriod': 'train', 'Calculate Baseline': False, 'Timing': True, 'SWEEP_PARAMETERS': {'SEED': {'values': [42]}, 'AGENT_CONFIGS': {'parameters': {'Execution': {'parameters': {'reward_lambda': {'values': [0.1]}}}, 'MarketMaking': {'parameters': {'inv_penalty': {'values': ['none']}}}}}}, 'world_config': {'any_message_obs_space': False, 'shuffle_action_messages': True, 'nTrades': 100, 'order_id_counter_start_when_resetting': -200, 'artificial_trader_id_end_episode': -199, 'n_data_msg_per_step': 100, 'init_id': -2, 'trader_id_range_start': -100, 'artificial_order_id_end_episode': -199, 'debug_mode': False, 'day_start': 34200, 'day_end': 57600, 'book_depth': 10, 'tick_size': 100, 'use_pickles_for_init': True, 'timePeriod': 'train', 'dataPath': '/gpfs/home4/adong/JaxMARL-HFT/data', 'start_resolution': 64, 'type_4_interpretation': 0, 'stock': 'AMZN', 'cancel_mode': 1, 'maxint': 2147483647, 'nOrders': 100, 'save_raw_observations': False, 'empty_slot_val': -1, 'ep_type': 'fixed_steps', 'simulator_mode': 0, 'window_selector': -1, 'alphatradePath': '/gpfs/home4/adong/JaxMARL-HFT', 'episode_time': 64, 'check_book_fill': True, 'seed': 42, 'placeholder_order_id': -198}, 'dict_of_agents_configs': {'Execution': {'n_ticks_in_book': 1, 'num_messages_by_agent': 8, 'reward_scaling_quo': 10, 'debug_mode': False, 'task_size': 600, 'short_name': 'EXE', 'task': 'random', 'larger_far_touch_quant': False, 'normalize': True, 'action_space': 'fixed_quants_complex', 'observation_space': 'engineered', 'reference_price': 'far_touch', 'num_action_messages_by_agent': 4, 'fixed_quant_value': 10, 'doom_price_penalty': 3, 'action_type': 'pure', 'reward_lambda': 0.1, 'time_delay_obs_act': 0, 'n_actions': 13, 'reward_function': 'normal'}, 'MarketMaking': {'simple_nothing_action': True, 'skew_multiplier': 5, 'action_space': 'fixed_quants', 'sell_buy_all_option': False, 'bob_v0': 1, 'rebate_bps': 0.4, 'fixed_action': 0, 'unwind_price_penalty': 0, 'reward_scaling_quo': 10, 'inventoryPnL_eta': 0.6, 'spread_multiplier': 3, 'n_ticks_offset': 1, 'auto_liquidate_threshold': 0, 'inventoryPnL_gamma': 0.1, 'fixed_quant_value': 1, 'volume_traded_bonus': 'none', 'based_on_mid_price_of_action': True, 'fixed_action_setting': False, 'n_actions': 10, 'reference_price': 'mid', 'time_delay_obs_act': 0, 'clip_reward': False, 'auto_liquidate_alpha': 1, 'inv_penalty_lambda': 1, 'inv_penalty_threshold': 10, 'multiplier_type': 'tick', 'normalize': True, 'observation_space': 'basic', 'short_name': 'MM', 'inv_penalty_quadratic_factor': 50, 'exclude_extreme_spreads': False, 'inv_penalty': 'none', 'reward_function': 'spooner_asym_damped2', 'avst_k_parameter': 0.61, 'num_action_messages_by_agent': 2, 'unrealizedPnL_lambda': 0.1, 'tenth_action': 'MarketOrder', 'debug_mode': False, 'num_messages_by_agent': 4, 'avst_var_parameter': 280, 'unwind_price': 'mid'}}, 'number_of_agents_per_type': [1, 1], 'AGENT_CONFIGS': {'Execution': {'reward_lambda': 0.1}, 'MarketMaking': {'inv_penalty': 'none'}}, 'SEED': 42}
Overriding the Agent config objects with the variable from the sweep parameters.
The training environment config, after copying of sweep parameters is 
	  MultiAgentConfig(world_config=World_EnvironmentConfig(maxint=2147483647, init_id=-2, book_depth=10, cancel_mode=1, type_4_interpretation=0, seed=42, nTrades=100, nOrders=100, simulator_mode=0, empty_slot_val=-1, debug_mode=False, check_book_fill=True, start_resolution=64, alphatradePath='/gpfs/home4/adong/JaxMARL-HFT', dataPath='/gpfs/home4/adong/JaxMARL-HFT/data', stock='AMZN', timePeriod='train', n_data_msg_per_step=100, window_selector=-1, ep_type='fixed_steps', episode_time=64, day_start=34200, day_end=57600, tick_size=100, trader_id_range_start=-100, placeholder_order_id=-198, artificial_trader_id_end_episode=-199, artificial_order_id_end_episode=-199, any_message_obs_space=False, order_id_counter_start_when_resetting=-200, shuffle_action_messages=True, use_pickles_for_init=True, save_raw_observations=False), dict_of_agents_configs={'Execution': Execution_EnvironmentConfig(debug_mode=False, larger_far_touch_quant=False, normalize=True, short_name='EXE', action_type='pure', task='random', action_space='fixed_quants_complex', observation_space='engineered', reward_function='normal', task_size=600, n_ticks_in_book=1, fixed_quant_value=10, reward_lambda=0.1, reward_scaling_quo=10, doom_price_penalty=3, reference_price='far_touch', time_delay_obs_act=0, n_actions=13, num_messages_by_agent=8, num_action_messages_by_agent=4), 'MarketMaking': MarketMaking_EnvironmentConfig(debug_mode=False, short_name='MM', normalize=True, clip_reward=False, exclude_extreme_spreads=False, fixed_action_setting=False, fixed_action=0, simple_nothing_action=True, sell_buy_all_option=False, based_on_mid_price_of_action=True, tenth_action='MarketOrder', bob_v0=1, action_space='fixed_quants', observation_space='basic', reward_function='spooner_asym_damped2', spread_multiplier=3, skew_multiplier=5, n_ticks_offset=1, fixed_quant_value=1, auto_liquidate_threshold=0, auto_liquidate_alpha=1, unwind_price_penalty=0, inv_penalty='none', volume_traded_bonus='none', reference_price='mid', unwind_price='mid', inv_penalty_lambda=1, inv_penalty_quadratic_factor=50, inv_penalty_threshold=10, multiplier_type='tick', reward_scaling_quo=10, inventoryPnL_eta=0.6, inventoryPnL_gamma=0.1, rebate_bps=0.4, unrealizedPnL_lambda=0.1, avst_k_parameter=0.61, avst_var_parameter=280, time_delay_obs_act=0, n_actions=10, num_messages_by_agent=4, num_action_messages_by_agent=2)}, number_of_agents_per_type=[1, 1])
LoadLOBSTER_resample __init__: The datapaths considered are ['/gpfs/home4/adong/JaxMARL-HFT/data/rawLOBSTER/AMZN/train/']
LoadLOBSTER_resample __init__: Found 74 message files
LoadLOBSTER_resample __init__: Found 74 book files
LoadLOBSTER_resample run_loading: loading cached arrays from /gpfs/home4/adong/JaxMARL-HFT/saved_npz/loaded_lobster_LoadLOBSTER_resample_AMZN_train_10_fixed_steps_64_64_100_34200_57600.npz
BaseLOBEnv _init_states:  pre-reset in the initialization
BaseLOBEnv _init_states: pre-reset will be saved to or loaded from 
	/gpfs/home4/adong/JaxMARL-HFT/pre_reset_states/ResetStates_BaseLOBEnv_AMZN_train_10_fixed_steps_64_64_100_34200_57600.pkl
BaseLOBEnv _init_states: initial states have been loaded successfully
BaseLOBEnv _init_states: All initial reset states are ready.
Multi-device: 4 device(s) detected, sharding 4096 envs across them
[2026-06-28 12:12:51,117][root][INFO] - [process=0] Created OpTracker for checkpoint_manager_save with operation id 1
Saving checkpoints to directory: 
 	 /gpfs/home4/adong/JaxMARL-HFT/checkpoints/MARLCheckpoints/h100_4gpu_4096_8388608_test/pleasant-sweep-1
Starting Update step 1/32
Finished compiling
Update step: 0
Action shape is  (64, 4096)
Action shape is  (64, 4096)
avg_reward_EXE -0.7939316034317017
avg_reward_MM -0.0066683655604720116
Update step 1 completed
Param sharding: NamedSharding(mesh=Mesh('batch': 4, axis_types=(Auto,)), spec=P(), memory_kind=device)
Obs sharding: NamedSharding(mesh=Mesh('batch': 4, axis_types=(Auto,)), spec=P('batch',), memory_kind=device)
Saving checkpoint 1
[2026-06-28 12:13:23,225][root][INFO] - [process=0] Created OpTracker for checkpoint_manager_save with operation id 2
Starting Update step 2/32
Finished compiling
Update step: 1
Action shape is  (64, 4096)
Action shape is  (64, 4096)
avg_reward_EXE -0.7996661067008972
avg_reward_MM -0.006522674113512039
Update step 2 completed
Saving checkpoint 2
[2026-06-28 12:13:51,121][root][INFO] - [process=0] Created OpTracker for checkpoint_manager_save with operation id 4
Starting Update step 3/32
Update step: 2
Action shape is  (64, 4096)
Action shape is  (64, 4096)
avg_reward_EXE -0.7733416557312012
avg_reward_MM -0.005940778646618128
Update step 3 completed
Saving checkpoint 3
[2026-06-28 12:14:05,299][root][INFO] - [process=0] Created OpTracker for checkpoint_manager_save with operation id 6
Starting Update step 4/32
Update step: 3
Action shape is  (64, 4096)
Action shape is  (64, 4096)
avg_reward_EXE -0.8364013433456421
avg_reward_MM -0.006228423677384853
Update step 4 completed
Saving checkpoint 4
[2026-06-28 12:14:19,346][root][INFO] - [process=0] Created OpTracker for checkpoint_manager_save with operation id 8
Starting Update step 5/32
Update step: 4
Action shape is  (64, 4096)
Action shape is  (64, 4096)
avg_reward_EXE -0.9028668403625488
avg_reward_MM -0.006175955757498741
Update step 5 completed
Saving checkpoint 5
[2026-06-28 12:14:34,696][root][INFO] - [process=0] Created OpTracker for checkpoint_manager_save with operation id 10
Starting Update step 6/32
Update step: 5
Action shape is  (64, 4096)
Action shape is  (64, 4096)
avg_reward_EXE -0.9421524405479431
avg_reward_MM -0.00602317601442337
Update step 6 completed
Saving checkpoint 6
[2026-06-28 12:14:49,889][root][INFO] - [process=0] Created OpTracker for checkpoint_manager_save with operation id 12
Starting Update step 7/32
Update step: 6
Action shape is  (64, 4096)
Action shape is  (64, 4096)
avg_reward_EXE -0.9969377517700195
avg_reward_MM -0.0050108470022678375
Update step 7 completed
Saving checkpoint 7
[2026-06-28 12:15:05,319][root][INFO] - [process=0] Created OpTracker for checkpoint_manager_save with operation id 14
Starting Update step 8/32
Update step: 7
Action shape is  (64, 4096)
Action shape is  (64, 4096)
avg_reward_EXE -1.0607457160949707
avg_reward_MM -0.0032286792993545532
Update step 8 completed
Saving checkpoint 8
[2026-06-28 12:15:20,408][root][INFO] - [process=0] Created OpTracker for checkpoint_manager_save with operation id 16
Starting Update step 9/32
Update step: 8
Action shape is  (64, 4096)
Action shape is  (64, 4096)
avg_reward_EXE -1.0010974407196045
avg_reward_MM -0.0019204579293727875
Update step 9 completed
Saving checkpoint 9
[2026-06-28 12:15:35,868][root][INFO] - [process=0] Created OpTracker for checkpoint_manager_save with operation id 18
Starting Update step 10/32
Update step: 9
Action shape is  (64, 4096)
Action shape is  (64, 4096)
avg_reward_EXE -0.9641965627670288
avg_reward_MM -0.0004209280596114695
Update step 10 completed
Saving checkpoint 10
[2026-06-28 12:15:51,280][root][INFO] - [process=0] Created OpTracker for checkpoint_manager_save with operation id 20
Starting Update step 11/32
Update step: 10
Action shape is  (64, 4096)
Action shape is  (64, 4096)
avg_reward_EXE -0.9383556246757507
avg_reward_MM 9.75278380792588e-05
Update step 11 completed
Saving checkpoint 11
[2026-06-28 12:16:06,330][root][INFO] - [process=0] Created OpTracker for checkpoint_manager_save with operation id 22
Starting Update step 12/32
Update step: 11
Action shape is  (64, 4096)
Action shape is  (64, 4096)
avg_reward_EXE -0.9137136936187744
avg_reward_MM 0.0008945321897044778
Update step 12 completed
Saving checkpoint 12
[2026-06-28 12:16:22,054][root][INFO] - [process=0] Created OpTracker for checkpoint_manager_save with operation id 24
Starting Update step 13/32
Update step: 12
Action shape is  (64, 4096)
Action shape is  (64, 4096)
avg_reward_EXE -0.9058235883712769
avg_reward_MM 0.0016535843024030328
Update step 13 completed
Saving checkpoint 13
[2026-06-28 12:16:37,622][root][INFO] - [process=0] Created OpTracker for checkpoint_manager_save with operation id 26
Starting Update step 14/32
Update step: 13
Action shape is  (64, 4096)
Action shape is  (64, 4096)
avg_reward_EXE -0.89040207862854
avg_reward_MM 0.002867273986339569
Update step 14 completed
Saving checkpoint 14
[2026-06-28 12:16:53,148][root][INFO] - [process=0] Created OpTracker for checkpoint_manager_save with operation id 28
Starting Update step 15/32
Update step: 14
Action shape is  (64, 4096)
Action shape is  (64, 4096)
avg_reward_EXE -0.9294853210449219
avg_reward_MM 0.004460648633539677
Update step 15 completed
Saving checkpoint 15
[2026-06-28 12:17:08,377][root][INFO] - [process=0] Created OpTracker for checkpoint_manager_save with operation id 30
Starting Update step 16/32
Update step: 15
Action shape is  (64, 4096)
Action shape is  (64, 4096)
avg_reward_EXE -0.9314162135124207
avg_reward_MM 0.005126506090164185
Update step 16 completed
Saving checkpoint 16
[2026-06-28 12:17:23,544][root][INFO] - [process=0] Created OpTracker for checkpoint_manager_save with operation id 32
Starting Update step 17/32
Update step: 16
Action shape is  (64, 4096)
Action shape is  (64, 4096)
avg_reward_EXE -0.9326050877571106
avg_reward_MM 0.006687466986477375
Update step 17 completed
Saving checkpoint 17
[2026-06-28 12:17:38,918][root][INFO] - [process=0] Created OpTracker for checkpoint_manager_save with operation id 34
Starting Update step 18/32
Update step: 17
Action shape is  (64, 4096)
Action shape is  (64, 4096)
avg_reward_EXE -0.9030054807662964
avg_reward_MM 0.0075555830262601376
Update step 18 completed
Saving checkpoint 18
[2026-06-28 12:17:54,350][root][INFO] - [process=0] Created OpTracker for checkpoint_manager_save with operation id 36
Starting Update step 19/32
Update step: 18
Action shape is  (64, 4096)
Action shape is  (64, 4096)
avg_reward_EXE -0.9526762366294861
avg_reward_MM 0.007687289267778397
Update step 19 completed
Saving checkpoint 19
[2026-06-28 12:18:09,627][root][INFO] - [process=0] Created OpTracker for checkpoint_manager_save with operation id 38
Starting Update step 20/32
Update step: 19
Action shape is  (64, 4096)
Action shape is  (64, 4096)
avg_reward_EXE -0.9166938066482544
avg_reward_MM 0.00849529355764389
Update step 20 completed
Saving checkpoint 20
[2026-06-28 12:18:25,019][root][INFO] - [process=0] Created OpTracker for checkpoint_manager_save with operation id 40
Starting Update step 21/32
Update step: 20
Action shape is  (64, 4096)
Action shape is  (64, 4096)
avg_reward_EXE -0.906891942024231
avg_reward_MM 0.00897272489964962
Update step 21 completed
Saving checkpoint 21
[2026-06-28 12:18:40,002][root][INFO] - [process=0] Created OpTracker for checkpoint_manager_save with operation id 42
Starting Update step 22/32
Update step: 21
Action shape is  (64, 4096)
Action shape is  (64, 4096)
avg_reward_EXE -0.9719599485397339
avg_reward_MM 0.009312508627772331
Update step 22 completed
Saving checkpoint 22
[2026-06-28 12:18:55,413][root][INFO] - [process=0] Created OpTracker for checkpoint_manager_save with operation id 44
Starting Update step 23/32
Update step: 22
Action shape is  (64, 4096)
Action shape is  (64, 4096)
avg_reward_EXE -0.974866509437561
avg_reward_MM 0.008842447772622108
Update step 23 completed
Saving checkpoint 23
[2026-06-28 12:19:10,885][root][INFO] - [process=0] Created OpTracker for checkpoint_manager_save with operation id 46
Starting Update step 24/32
Update step: 23
Action shape is  (64, 4096)
Action shape is  (64, 4096)
avg_reward_EXE -0.9684550166130066
avg_reward_MM 0.010221071541309357
Update step 24 completed
Saving checkpoint 24
[2026-06-28 12:19:26,107][root][INFO] - [process=0] Created OpTracker for checkpoint_manager_save with operation id 48
Starting Update step 25/32
Update step: 24
Action shape is  (64, 4096)
Action shape is  (64, 4096)
avg_reward_EXE -0.914969265460968
avg_reward_MM 0.010124124586582184
Update step 25 completed
Saving checkpoint 25
[2026-06-28 12:19:41,682][root][INFO] - [process=0] Created OpTracker for checkpoint_manager_save with operation id 50
Starting Update step 26/32
Update step: 25
Action shape is  (64, 4096)
Action shape is  (64, 4096)
avg_reward_EXE -0.9592488408088684
avg_reward_MM 0.010603897273540497
Update step 26 completed
Saving checkpoint 26
[2026-06-28 12:19:56,842][root][INFO] - [process=0] Created OpTracker for checkpoint_manager_save with operation id 52
Starting Update step 27/32
Update step: 26
Action shape is  (64, 4096)
Action shape is  (64, 4096)
avg_reward_EXE -0.9596603512763977
avg_reward_MM 0.010769487358629704
Update step 27 completed
Saving checkpoint 27
[2026-06-28 12:20:12,245][root][INFO] - [process=0] Created OpTracker for checkpoint_manager_save with operation id 54
Starting Update step 28/32
Update step: 27
Action shape is  (64, 4096)
Action shape is  (64, 4096)
avg_reward_EXE -0.9663598537445068
avg_reward_MM 0.01105937547981739
Update step 28 completed
Saving checkpoint 28
[2026-06-28 12:20:27,607][root][INFO] - [process=0] Created OpTracker for checkpoint_manager_save with operation id 56
Starting Update step 29/32
Update step: 28
Action shape is  (64, 4096)
Action shape is  (64, 4096)
avg_reward_EXE -1.0061476230621338
avg_reward_MM 0.011029389686882496
Update step 29 completed
Saving checkpoint 29
[2026-06-28 12:20:42,939][root][INFO] - [process=0] Created OpTracker for checkpoint_manager_save with operation id 58
Starting Update step 30/32
Update step: 29
Action shape is  (64, 4096)
Action shape is  (64, 4096)
avg_reward_EXE -0.954418420791626
avg_reward_MM 0.01059711817651987
Update step 30 completed
Saving checkpoint 30
[2026-06-28 12:20:58,071][root][INFO] - [process=0] Created OpTracker for checkpoint_manager_save with operation id 60
Starting Update step 31/32
Update step: 30
Action shape is  (64, 4096)
Action shape is  (64, 4096)
avg_reward_EXE -1.0631561279296875
avg_reward_MM 0.011466147378087044
Update step 31 completed
Saving checkpoint 31
[2026-06-28 12:21:13,577][root][INFO] - [process=0] Created OpTracker for checkpoint_manager_save with operation id 62
Starting Update step 32/32
Update step: 31
Action shape is  (64, 4096)
Action shape is  (64, 4096)
avg_reward_EXE -1.0148429870605469
avg_reward_MM 0.011682821437716484
Update step 32 completed
Saving checkpoint 32
[2026-06-28 12:21:28,773][root][INFO] - [process=0] Created OpTracker for checkpoint_manager_save with operation id 64
Total steps: 8388608
Elapsed time: 554.653058052063 seconds
Steps per second: 15124.06337298621
Agents per type: [1, 1]
Num data messages: None
Num envs: 4096
Finished: 2026-06-28T12:21:43+02:00
