wandb: [wandb.login()] Loaded credentials for https://api.wandb.ai from /home/adong/.netrc.
wandb: [wandb.login()] Loaded credentials for https://api.wandb.ai from /home/adong/.netrc.
wandb: [wandb.login()] Loaded credentials for https://api.wandb.ai from /home/adong/.netrc.
wandb: [wandb.login()] Loaded credentials for https://api.wandb.ai from /home/adong/.netrc.
wandb: Agent Starting Run: 6gkhp04v with config:
wandb: 	AGENT_CONFIGS: {'Execution': {'reward_lambda': 0.1}, 'MarketMaking': {'inv_penalty': 'none'}}
wandb: 	SEED: 42
wandb: [wandb.login()] Loaded credentials for https://api.wandb.ai from /home/adong/.netrc.
wandb: Agent Starting Run: kpzm6rnl with config:
wandb: 	AGENT_CONFIGS: {'Execution': {'reward_lambda': 0.1}, 'MarketMaking': {'inv_penalty': 'none'}}
wandb: 	SEED: 42
wandb: [wandb.login()] Loaded credentials for https://api.wandb.ai from /home/adong/.netrc.
wandb: Agent Starting Run: akbq37jn with config:
wandb: 	AGENT_CONFIGS: {'Execution': {'reward_lambda': 0.1}, 'MarketMaking': {'inv_penalty': 'none'}}
wandb: 	SEED: 42
wandb: [wandb.login()] Loaded credentials for https://api.wandb.ai from /home/adong/.netrc.
wandb: Currently logged in as: ark-dong (ark-dong-university-of-amsterdam) to https://api.wandb.ai. Use `wandb login --relogin` to force relogin
wandb: WARNING Ignoring project 'Thesis' when running a sweep.
wandb: WARNING Ignoring entity 'ark-dong-university-of-amsterdam' when running a sweep.
wandb: Currently logged in as: ark-dong (ark-dong-university-of-amsterdam) to https://api.wandb.ai. Use `wandb login --relogin` to force relogin
wandb: WARNING Ignoring project 'Thesis' when running a sweep.
wandb: WARNING Ignoring entity 'ark-dong-university-of-amsterdam' when running a sweep.
wandb: Currently logged in as: ark-dong (ark-dong-university-of-amsterdam) to https://api.wandb.ai. Use `wandb login --relogin` to force relogin
wandb: WARNING Ignoring project 'Thesis' when running a sweep.
wandb: WARNING Ignoring entity 'ark-dong-university-of-amsterdam' when running a sweep.
wandb: WARNING config_exclude_keys is deprecated. Use `config=wandb.helper.parse_config(config_object, exclude=('key',))` instead.
wandb: WARNING config_exclude_keys is deprecated. Use `config=wandb.helper.parse_config(config_object, exclude=('key',))` instead.
wandb: WARNING config_exclude_keys is deprecated. Use `config=wandb.helper.parse_config(config_object, exclude=('key',))` instead.
wandb: Tracking run with wandb version 0.28.0
wandb: Run data is saved locally in /gpfs/home4/adong/JaxMARL-HFT/wandb/run-20260628_153918-6gkhp04v
wandb: Run `wandb offline` to turn off syncing.
wandb: Syncing run smart-sweep-1
wandb: 猸愶笍 View project at https://wandb.ai/ark-dong-university-of-amsterdam/Thesis
wandb: 馃Ч View sweep at https://wandb.ai/ark-dong-university-of-amsterdam/Thesis/sweeps/5968ug35
wandb: 馃殌 View run at https://wandb.ai/ark-dong-university-of-amsterdam/Thesis/runs/6gkhp04v
wandb: Tracking run with wandb version 0.28.0
wandb: Run data is saved locally in /gpfs/home4/adong/JaxMARL-HFT/wandb/run-20260628_153918-akbq37jn
wandb: Run `wandb offline` to turn off syncing.
wandb: Syncing run classic-sweep-1
wandb: 猸愶笍 View project at https://wandb.ai/ark-dong-university-of-amsterdam/Thesis
wandb: 馃Ч View sweep at https://wandb.ai/ark-dong-university-of-amsterdam/Thesis/sweeps/zhs9g51p
wandb: 馃殌 View run at https://wandb.ai/ark-dong-university-of-amsterdam/Thesis/runs/akbq37jn
wandb: Tracking run with wandb version 0.28.0
wandb: Run data is saved locally in /gpfs/home4/adong/JaxMARL-HFT/wandb/run-20260628_153918-kpzm6rnl
wandb: Run `wandb offline` to turn off syncing.
wandb: Syncing run fast-sweep-1
wandb: 猸愶笍 View project at https://wandb.ai/ark-dong-university-of-amsterdam/Thesis
wandb: 馃Ч View sweep at https://wandb.ai/ark-dong-university-of-amsterdam/Thesis/sweeps/k4lr7cvw
wandb: 馃殌 View run at https://wandb.ai/ark-dong-university-of-amsterdam/Thesis/runs/kpzm6rnl
wandb: Sweep Agent: Waiting for job.
wandb: updating run metadata
wandb: uploading output.log; uploading wandb-summary.json; uploading config.yaml
wandb: uploading history steps 62-64, summary, console lines 300-313
wandb: 
wandb: Run history:
wandb:  agent_EXE/action_0 鈻佲杺鈻冣枀鈻嗏枃鈻堚枅鈻団枂鈻呪枀鈻勨杽鈻勨杽鈻勨杽鈻勨杽鈻勨杽鈻勨杽鈻勨杽鈻勨杽鈻勨杽鈻呪枀
wandb:  agent_EXE/action_1 鈻堚枃鈻呪杽鈻勨杻鈻冣杺鈻傗杺鈻傗杹鈻佲杹鈻佲杹鈻佲杹鈻佲杹鈻佲杹鈻佲杹鈻佲杹鈻佲杹鈻佲杹鈻佲杹
wandb: agent_EXE/action_10 鈻堚枃鈻呪杽鈻冣杻鈻傗杺鈻傗杺鈻傗杹鈻佲杹鈻佲杹鈻佲杹鈻佲杹鈻佲杹鈻佲杹鈻佲杹鈻佲杹鈻佲杹鈻佲杹
wandb: agent_EXE/action_11 鈻呪枂鈻呪杽鈻傗杺鈻佲杹鈻傗杻鈻勨杻鈻勨杽鈻勨枀鈻嗏枃鈻嗏枃鈻団枃鈻団枃鈻堚枃鈻堚枃鈻団枃鈻団枃
wandb: agent_EXE/action_12 鈻佲杹鈻傗杺鈻冣杻鈻勨杽鈻呪枀鈻嗏枂鈻団枃鈻団枃鈻団枃鈻堚枃鈻団枃鈻堚枅鈻堚枅鈻堚枅鈻堚枅鈻堚枅
wandb:  agent_EXE/action_2 鈻団枅鈻堚枃鈻嗏枀鈻勨杻鈻冣杺鈻傗杺鈻傗杺鈻傗杺鈻傗杺鈻佲杺鈻傗杹鈻佲杹鈻佲杹鈻佲杹鈻佲杹鈻佲杹
wandb:  agent_EXE/action_3 鈻勨枀鈻団枃鈻堚枅鈻堚枅鈻団枀鈻呪枀鈻呪杽鈻冣杻鈻冣杺鈻傗杺鈻傗杺鈻傗杺鈻佲杹鈻佲杹鈻佲杹鈻佲杹
wandb:  agent_EXE/action_4 鈻佲杺鈻冣杽鈻呪枂鈻団枅鈻堚枅鈻団枂鈻嗏枂鈻団枂鈻嗏枂鈻団枃鈻団枃鈻団枂鈻嗏枃鈻嗏枃鈻団枃鈻団枃
wandb:  agent_EXE/action_5 鈻堚枃鈻呪杽鈻冣杻鈻傗杺鈻傗杺鈻傗杹鈻佲杹鈻佲杹鈻佲杹鈻佲杹鈻佲杹鈻佲杹鈻佲杹鈻佲杹鈻佲杹鈻佲杹
wandb:  agent_EXE/action_6 鈻堚枅鈻団枂鈻呪杽鈻冣杺鈻冣杺鈻傗杺鈻傗杺鈻傗杺鈻傗杺鈻佲杹鈻佲杹鈻佲杹鈻佲杹鈻佲杹鈻佲杹鈻佲杹
wandb:                +124 ...
wandb: 
wandb: Run summary:
wandb:  agent_EXE/action_0 10.46829
wandb:  agent_EXE/action_1 1.49803
wandb: agent_EXE/action_10 1.70746
wandb: agent_EXE/action_11 8.20007
wandb: agent_EXE/action_12 31.07491
wandb:  agent_EXE/action_2 2.86598
wandb:  agent_EXE/action_3 5.81398
wandb:  agent_EXE/action_4 12.7594
wandb:  agent_EXE/action_5 1.39084
wandb:  agent_EXE/action_6 2.06146
wandb:                +125 ...
wandb: 
wandb: 馃殌 View run classic-sweep-1 at: https://wandb.ai/ark-dong-university-of-amsterdam/Thesis/runs/akbq37jn
wandb: 猸愶笍 View project at: https://wandb.ai/ark-dong-university-of-amsterdam/Thesis
wandb: Synced 5 W&B file(s), 0 media file(s), 0 artifact file(s) and 0 other file(s)
wandb: Find logs at: ./wandb/run-20260628_153918-akbq37jn/logs
wandb: updating run metadata
wandb: uploading output.log; uploading wandb-summary.json; uploading config.yaml
wandb: uploading history steps 62-64, summary, console lines 300-313
wandb: 
wandb: Run history:
wandb:  agent_EXE/action_0 鈻佲杺鈻冣枀鈻嗏枃鈻堚枅鈻団枂鈻呪枀鈻勨杽鈻勨杽鈻勨杽鈻勨杽鈻勨杽鈻勨杽鈻勨杽鈻勨杽鈻勨杽鈻呪枀
wandb:  agent_EXE/action_1 鈻堚枃鈻呪杽鈻勨杻鈻冣杺鈻傗杺鈻傗杹鈻佲杹鈻佲杹鈻佲杹鈻佲杹鈻佲杹鈻佲杹鈻佲杹鈻佲杹鈻佲杹鈻佲杹
wandb: agent_EXE/action_10 鈻堚枃鈻呪杽鈻冣杻鈻傗杺鈻傗杺鈻傗杹鈻佲杹鈻佲杹鈻佲杹鈻佲杹鈻佲杹鈻佲杹鈻佲杹鈻佲杹鈻佲杹鈻佲杹
wandb: agent_EXE/action_11 鈻呪枂鈻呪杽鈻傗杺鈻佲杹鈻傗杻鈻勨杻鈻勨杽鈻勨枀鈻嗏枃鈻嗏枃鈻団枃鈻団枃鈻堚枃鈻堚枃鈻団枃鈻団枃
wandb: agent_EXE/action_12 鈻佲杹鈻傗杺鈻冣杻鈻勨杽鈻呪枀鈻嗏枂鈻団枃鈻団枃鈻団枃鈻堚枃鈻団枃鈻堚枅鈻堚枅鈻堚枅鈻堚枅鈻堚枅
wandb:  agent_EXE/action_2 鈻団枅鈻堚枃鈻嗏枀鈻勨杻鈻冣杺鈻傗杺鈻傗杺鈻傗杺鈻傗杺鈻佲杺鈻傗杹鈻佲杹鈻佲杹鈻佲杹鈻佲杹鈻佲杹
wandb:  agent_EXE/action_3 鈻勨枀鈻団枃鈻堚枅鈻堚枅鈻団枀鈻呪枀鈻呪杽鈻冣杻鈻冣杺鈻傗杺鈻傗杺鈻傗杺鈻佲杹鈻佲杹鈻佲杹鈻佲杹
wandb:  agent_EXE/action_4 鈻佲杺鈻冣杽鈻呪枂鈻団枅鈻堚枅鈻団枂鈻嗏枂鈻団枂鈻嗏枂鈻団枃鈻団枃鈻団枂鈻嗏枃鈻嗏枃鈻団枃鈻団枃
wandb:  agent_EXE/action_5 鈻堚枃鈻呪杽鈻冣杻鈻傗杺鈻傗杺鈻傗杹鈻佲杹鈻佲杹鈻佲杹鈻佲杹鈻佲杹鈻佲杹鈻佲杹鈻佲杹鈻佲杹鈻佲杹
wandb:  agent_EXE/action_6 鈻堚枅鈻団枂鈻呪杽鈻冣杺鈻冣杺鈻傗杺鈻傗杺鈻傗杺鈻傗杺鈻佲杹鈻佲杹鈻佲杹鈻佲杹鈻佲杹鈻佲杹鈻佲杹
wandb:                +124 ...
wandb: 
wandb: Run summary:
wandb:  agent_EXE/action_0 10.46829
wandb:  agent_EXE/action_1 1.49803
wandb: agent_EXE/action_10 1.70746
wandb: agent_EXE/action_11 8.20007
wandb: agent_EXE/action_12 31.07491
wandb:  agent_EXE/action_2 2.86598
wandb:  agent_EXE/action_3 5.81398
wandb:  agent_EXE/action_4 12.7594
wandb:  agent_EXE/action_5 1.39084
wandb:  agent_EXE/action_6 2.06146
wandb:                +125 ...
wandb: 
wandb: 馃殌 View run fast-sweep-1 at: https://wandb.ai/ark-dong-university-of-amsterdam/Thesis/runs/kpzm6rnl
wandb: 猸愶笍 View project at: https://wandb.ai/ark-dong-university-of-amsterdam/Thesis
wandb: Synced 5 W&B file(s), 0 media file(s), 0 artifact file(s) and 0 other file(s)
wandb: Find logs at: ./wandb/run-20260628_153918-kpzm6rnl/logs
wandb: updating run metadata
wandb: uploading output.log; uploading wandb-summary.json; uploading config.yaml
wandb: 
wandb: Run history:
wandb:  agent_EXE/action_0 鈻佲杺鈻冣枀鈻嗏枃鈻堚枅鈻団枂鈻呪枀鈻勨杽鈻勨杽鈻勨杽鈻勨杽鈻勨杽鈻勨杽鈻勨杽鈻勨杽鈻勨杽鈻呪枀
wandb:  agent_EXE/action_1 鈻堚枃鈻呪杽鈻勨杻鈻冣杺鈻傗杺鈻傗杹鈻佲杹鈻佲杹鈻佲杹鈻佲杹鈻佲杹鈻佲杹鈻佲杹鈻佲杹鈻佲杹鈻佲杹
wandb: agent_EXE/action_10 鈻堚枃鈻呪杽鈻冣杻鈻傗杺鈻傗杺鈻傗杹鈻佲杹鈻佲杹鈻佲杹鈻佲杹鈻佲杹鈻佲杹鈻佲杹鈻佲杹鈻佲杹鈻佲杹
wandb: agent_EXE/action_11 鈻呪枂鈻呪杽鈻傗杺鈻佲杹鈻傗杻鈻勨杻鈻勨杽鈻勨枀鈻嗏枃鈻嗏枃鈻団枃鈻団枃鈻堚枃鈻堚枃鈻団枃鈻団枃
wandb: agent_EXE/action_12 鈻佲杹鈻傗杺鈻冣杻鈻勨杽鈻呪枀鈻嗏枂鈻団枃鈻団枃鈻団枃鈻堚枃鈻団枃鈻堚枅鈻堚枅鈻堚枅鈻堚枅鈻堚枅
wandb:  agent_EXE/action_2 鈻団枅鈻堚枃鈻嗏枀鈻勨杻鈻冣杺鈻傗杺鈻傗杺鈻傗杺鈻傗杺鈻佲杺鈻傗杹鈻佲杹鈻佲杹鈻佲杹鈻佲杹鈻佲杹
wandb:  agent_EXE/action_3 鈻勨枀鈻団枃鈻堚枅鈻堚枅鈻団枀鈻呪枀鈻呪杽鈻冣杻鈻冣杺鈻傗杺鈻傗杺鈻傗杺鈻佲杹鈻佲杹鈻佲杹鈻佲杹
wandb:  agent_EXE/action_4 鈻佲杺鈻冣杽鈻呪枂鈻団枅鈻堚枅鈻団枂鈻嗏枂鈻団枂鈻嗏枂鈻団枃鈻団枃鈻団枂鈻嗏枃鈻嗏枃鈻団枃鈻団枃
wandb:  agent_EXE/action_5 鈻堚枃鈻呪杽鈻冣杻鈻傗杺鈻傗杺鈻傗杹鈻佲杹鈻佲杹鈻佲杹鈻佲杹鈻佲杹鈻佲杹鈻佲杹鈻佲杹鈻佲杹鈻佲杹
wandb:  agent_EXE/action_6 鈻堚枅鈻団枂鈻呪杽鈻冣杺鈻冣杺鈻傗杺鈻傗杺鈻傗杺鈻傗杺鈻佲杹鈻佲杹鈻佲杹鈻佲杹鈻佲杹鈻佲杹鈻佲杹
wandb:                +124 ...
wandb: 
wandb: Run summary:
wandb:  agent_EXE/action_0 10.46829
wandb:  agent_EXE/action_1 1.49803
wandb: agent_EXE/action_10 1.70746
wandb: agent_EXE/action_11 8.20007
wandb: agent_EXE/action_12 31.07491
wandb:  agent_EXE/action_2 2.86598
wandb:  agent_EXE/action_3 5.81398
wandb:  agent_EXE/action_4 12.7594
wandb:  agent_EXE/action_5 1.39084
wandb:  agent_EXE/action_6 2.06146
wandb:                +125 ...
wandb: 
wandb: 馃殌 View run smart-sweep-1 at: https://wandb.ai/ark-dong-university-of-amsterdam/Thesis/runs/6gkhp04v
wandb: 猸愶笍 View project at: https://wandb.ai/ark-dong-university-of-amsterdam/Thesis
wandb: Synced 5 W&B file(s), 0 media file(s), 0 artifact file(s) and 0 other file(s)
wandb: Find logs at: ./wandb/run-20260628_153918-6gkhp04v/logs
wandb: Sweep Agent: Waiting for job.
wandb: Sweep Agent: Waiting for job.
wandb: Sweep Agent: Waiting for job.
wandb: Sweep Agent: Exiting.
wandb: Sweep Agent: Exiting.
wandb: Sweep Agent: Exiting.
srun: Job step aborted: Waiting up to 32 seconds for job step to finish.
[2026-06-28T16:00:13.159] error: *** JOB 24270063 ON gcn108 CANCELLED AT 2026-06-28T16:00:13 DUE to SIGNAL Terminated ***
