REPO_ROOT=/home/adong/JaxMARL-HFT
DATA_ROOT=/home/adong/JaxMARL-HFT/data
VENV_DIR=/home/adong/JaxMARL-HFT/.venv
CACHE_ROOT=/home/adong/JaxMARL-HFT/.cache
LOG_DIR=/home/adong/JaxMARL-HFT/slurm_logs
RUN_ROOT=/home/adong/JaxMARL-HFT/runs
SOFTWARE_STACK=AUTO
PYTHON_MODULE=Python/3.12.3-GCCcore-13.3.0
WANDB_ENTITY_DEFAULT=ark-dong-university-of-amsterdam
Using software stack: 2024
Using Python module: Python/3.12.3-GCCcore-13.3.0
Python 3.12.3
RUN_ID=4H100_4node_4096_8388608_24270063
JOB_ID=24270063
NODE=gcn108.local.snellius.surf.nl
STARTED=2026-06-28T15:37:14+02:00
REPO_ROOT=/home/adong/JaxMARL-HFT
DATA_ROOT=/home/adong/JaxMARL-HFT/data
LOBSTER_DIR=/home/adong/JaxMARL-HFT/data/rawLOBSTER/AMZN/train
EXP_FILE=snellius_scripts/experiments/4H100_4node_4096_8388608.env
CUDA_VISIBLE_DEVICES=0,1,2,3
SLURM_GPUS=4
SLURM_CPUS_PER_TASK=16
============================================================
JaxMARL-HFT training job
============================================================
Run ID:             4H100_4node_4096_8388608_24270063
Job ID:             24270063
Node:               gcn108.local.snellius.surf.nl
Started:            2026-06-28T15:37:14+02:00
Repo:               /home/adong/JaxMARL-HFT
Data root:          /home/adong/JaxMARL-HFT/data
LOBSTER dir:        /home/adong/JaxMARL-HFT/data/rawLOBSTER/AMZN/train
Stock/period:       AMZN / train
Train script:       gymnax_exchange/jaxrl/MARL/ippo_rnn_JAXMARL.py
Hydra config:       ippo_rnn_JAXMARL_2player
NUM_ENVS:           4096
NUM_STEPS:          64
TOTAL_TIMESTEPS:    8388608
Expected updates:   32
N_DEVICES:          4
WandB mode/project: online / Thesis
Run dir:            /home/adong/JaxMARL-HFT/runs/4H100_4node_4096_8388608_24270063
CUDA_VISIBLE_DEVICES=0,1,2,3
============================================================
Sun Jun 28 15:37:14 2026       
+-----------------------------------------------------------------------------------------+
| NVIDIA-SMI 595.71.05              Driver Version: 595.71.05      CUDA Version: 13.2     |
+-----------------------------------------+------------------------+----------------------+
| GPU  Name                 Persistence-M | Bus-Id          Disp.A | Volatile Uncorr. ECC |
| Fan  Temp   Perf          Pwr:Usage/Cap |           Memory-Usage | GPU-Util  Compute M. |
|                                         |                        |               MIG M. |
|=========================================+========================+======================|
|   0  NVIDIA H100                    On  |   00000000:06:00.0 Off |                    0 |
| N/A   33C    P0             67W /  700W |       0MiB /  95830MiB |      0%      Default |
|                                         |                        |             Disabled |
+-----------------------------------------+------------------------+----------------------+
|   1  NVIDIA H100                    On  |   00000000:26:00.0 Off |                    0 |
| N/A   33C    P0             67W /  700W |       0MiB /  95830MiB |      0%      Default |
|                                         |                        |             Disabled |
+-----------------------------------------+------------------------+----------------------+
|   2  NVIDIA H100                    On  |   00000000:A6:00.0 Off |                    0 |
| N/A   33C    P0             65W /  700W |       0MiB /  95830MiB |      0%      Default |
|                                         |                        |             Disabled |
+-----------------------------------------+------------------------+----------------------+
|   3  NVIDIA H100                    On  |   00000000:C6:00.0 Off |                    0 |
| N/A   33C    P0             69W /  700W |       0MiB /  95830MiB |      0%      Default |
|                                         |                        |             Disabled |
+-----------------------------------------+------------------------+----------------------+

+-----------------------------------------------------------------------------------------+
| Processes:                                                                              |
|  GPU   GI   CI              PID   Type   Process name                        GPU Memory |
|        ID   ID                                                               Usage      |
|=========================================================================================|
|  No running processes found                                                             |
+-----------------------------------------------------------------------------------------+
CUDA_VISIBLE_DEVICES: 0,1,2,3
JAX version: 0.10.2
JAX devices: [CudaDevice(id=0), CudaDevice(id=1), CudaDevice(id=2), CudaDevice(id=3)]
JAX local device count: 4
OK: JAX can see 4 GPU(s)
/gpfs/home4/adong/JaxMARL-HFT
/gpfs/home4/adong/JaxMARL-HFT
/gpfs/home4/adong/JaxMARL-HFT
/gpfs/home4/adong/JaxMARL-HFT
Num Jax Devices: 1 Device List: [CudaDevice(id=0)]
Num Jax Devices: 1 Device List: [CudaDevice(id=0)]
Loading the env config from file 
	config/env_configs/2_player_fq_fqc.json 
********* DEBUG ********** 
 Loaded env_config:  MultiAgentConfig(world_config=World_EnvironmentConfig(maxint=2147483647, init_id=-2, book_depth=10, cancel_mode=1, type_4_interpretation=0, seed=42, nTrades=100, nOrders=100, simulator_mode=0, empty_slot_val=-1, debug_mode=False, check_book_fill=True, start_resolution=64, alphatradePath='/gpfs/home4/adong/JaxMARL-HFT', dataPath='/gpfs/home4/adong/JaxMARL-HFT/data', stock='AMZN', timePeriod='train', n_data_msg_per_step=100, window_selector=-1, ep_type='fixed_steps', episode_time=64, day_start=34200, day_end=57600, tick_size=100, trader_id_range_start=-100, placeholder_order_id=-198, artificial_trader_id_end_episode=-199, artificial_order_id_end_episode=-199, any_message_obs_space=False, order_id_counter_start_when_resetting=-200, shuffle_action_messages=True, use_pickles_for_init=True, save_raw_observations=False), dict_of_agents_configs={'MarketMaking': MarketMaking_EnvironmentConfig(debug_mode=False, short_name='MM', normalize=True, clip_reward=False, exclude_extreme_spreads=False, fixed_action_setting=False, fixed_action=0, simple_nothing_action=True, sell_buy_all_option=False, based_on_mid_price_of_action=True, tenth_action='MarketOrder', bob_v0=1, action_space='fixed_quants', observation_space='basic', reward_function='spooner_asym_damped2', spread_multiplier=3.0, skew_multiplier=5.0, n_ticks_offset=1, fixed_quant_value=1, auto_liquidate_threshold=0, auto_liquidate_alpha=1.0, unwind_price_penalty=0, inv_penalty='none', volume_traded_bonus='none', reference_price='mid', unwind_price='mid', inv_penalty_lambda=1.0, inv_penalty_quadratic_factor=50.0, inv_penalty_threshold=10.0, multiplier_type='tick', reward_scaling_quo=10.0, inventoryPnL_eta=0.6, inventoryPnL_gamma=0.1, rebate_bps=0.4, unrealizedPnL_lambda=0.1, avst_k_parameter=0.61, avst_var_parameter=280, time_delay_obs_act=0, n_actions=10, num_messages_by_agent=4, num_action_messages_by_agent=2), 'Execution': Execution_EnvironmentConfig(debug_mode=False, larger_far_touch_quant=False, normalize=True, short_name='EXE', action_type='pure', task='random', action_space='fixed_quants_complex', observation_space='engineered', reward_function='normal', task_size=600, n_ticks_in_book=1, fixed_quant_value=10, reward_lambda=0.1, reward_scaling_quo=10.0, doom_price_penalty=3, reference_price='far_touch', time_delay_obs_act=0, n_actions=13, num_messages_by_agent=8, num_action_messages_by_agent=4)}, number_of_agents_per_type=[1, 1])
Note: The sweep parameters in yaml will override these settings.
Num Jax Devices: 1 Device List: [CudaDevice(id=0)]
Num Jax Devices: 1 Device List: [CudaDevice(id=0)]
Num Jax Devices: 1 Device List: [CudaDevice(id=0)]
Num Jax Devices: 1 Device List: [CudaDevice(id=0)]
Num Jax Devices: 1 Device List: [CudaDevice(id=0)]
Num Jax Devices: 1 Device List: [CudaDevice(id=0)]
Loading the env config from file 
	config/env_configs/2_player_fq_fqc.json 
********* DEBUG ********** 
 Loaded env_config:  MultiAgentConfig(world_config=World_EnvironmentConfig(maxint=2147483647, init_id=-2, book_depth=10, cancel_mode=1, type_4_interpretation=0, seed=42, nTrades=100, nOrders=100, simulator_mode=0, empty_slot_val=-1, debug_mode=False, check_book_fill=True, start_resolution=64, alphatradePath='/gpfs/home4/adong/JaxMARL-HFT', dataPath='/gpfs/home4/adong/JaxMARL-HFT/data', stock='AMZN', timePeriod='train', n_data_msg_per_step=100, window_selector=-1, ep_type='fixed_steps', episode_time=64, day_start=34200, day_end=57600, tick_size=100, trader_id_range_start=-100, placeholder_order_id=-198, artificial_trader_id_end_episode=-199, artificial_order_id_end_episode=-199, any_message_obs_space=False, order_id_counter_start_when_resetting=-200, shuffle_action_messages=True, use_pickles_for_init=True, save_raw_observations=False), dict_of_agents_configs={'MarketMaking': MarketMaking_EnvironmentConfig(debug_mode=False, short_name='MM', normalize=True, clip_reward=False, exclude_extreme_spreads=False, fixed_action_setting=False, fixed_action=0, simple_nothing_action=True, sell_buy_all_option=False, based_on_mid_price_of_action=True, tenth_action='MarketOrder', bob_v0=1, action_space='fixed_quants', observation_space='basic', reward_function='spooner_asym_damped2', spread_multiplier=3.0, skew_multiplier=5.0, n_ticks_offset=1, fixed_quant_value=1, auto_liquidate_threshold=0, auto_liquidate_alpha=1.0, unwind_price_penalty=0, inv_penalty='none', volume_traded_bonus='none', reference_price='mid', unwind_price='mid', inv_penalty_lambda=1.0, inv_penalty_quadratic_factor=50.0, inv_penalty_threshold=10.0, multiplier_type='tick', reward_scaling_quo=10.0, inventoryPnL_eta=0.6, inventoryPnL_gamma=0.1, rebate_bps=0.4, unrealizedPnL_lambda=0.1, avst_k_parameter=0.61, avst_var_parameter=280, time_delay_obs_act=0, n_actions=10, num_messages_by_agent=4, num_action_messages_by_agent=2), 'Execution': Execution_EnvironmentConfig(debug_mode=False, larger_far_touch_quant=False, normalize=True, short_name='EXE', action_type='pure', task='random', action_space='fixed_quants_complex', observation_space='engineered', reward_function='normal', task_size=600, n_ticks_in_book=1, fixed_quant_value=10, reward_lambda=0.1, reward_scaling_quo=10.0, doom_price_penalty=3, reference_price='far_touch', time_delay_obs_act=0, n_actions=13, num_messages_by_agent=8, num_action_messages_by_agent=4)}, number_of_agents_per_type=[1, 1])
Note: The sweep parameters in yaml will override these settings.
Loading the env config from file 
	config/env_configs/2_player_fq_fqc.json 
********* DEBUG ********** 
 Loaded env_config:  MultiAgentConfig(world_config=World_EnvironmentConfig(maxint=2147483647, init_id=-2, book_depth=10, cancel_mode=1, type_4_interpretation=0, seed=42, nTrades=100, nOrders=100, simulator_mode=0, empty_slot_val=-1, debug_mode=False, check_book_fill=True, start_resolution=64, alphatradePath='/gpfs/home4/adong/JaxMARL-HFT', dataPath='/gpfs/home4/adong/JaxMARL-HFT/data', stock='AMZN', timePeriod='train', n_data_msg_per_step=100, window_selector=-1, ep_type='fixed_steps', episode_time=64, day_start=34200, day_end=57600, tick_size=100, trader_id_range_start=-100, placeholder_order_id=-198, artificial_trader_id_end_episode=-199, artificial_order_id_end_episode=-199, any_message_obs_space=False, order_id_counter_start_when_resetting=-200, shuffle_action_messages=True, use_pickles_for_init=True, save_raw_observations=False), dict_of_agents_configs={'MarketMaking': MarketMaking_EnvironmentConfig(debug_mode=False, short_name='MM', normalize=True, clip_reward=False, exclude_extreme_spreads=False, fixed_action_setting=False, fixed_action=0, simple_nothing_action=True, sell_buy_all_option=False, based_on_mid_price_of_action=True, tenth_action='MarketOrder', bob_v0=1, action_space='fixed_quants', observation_space='basic', reward_function='spooner_asym_damped2', spread_multiplier=3.0, skew_multiplier=5.0, n_ticks_offset=1, fixed_quant_value=1, auto_liquidate_threshold=0, auto_liquidate_alpha=1.0, unwind_price_penalty=0, inv_penalty='none', volume_traded_bonus='none', reference_price='mid', unwind_price='mid', inv_penalty_lambda=1.0, inv_penalty_quadratic_factor=50.0, inv_penalty_threshold=10.0, multiplier_type='tick', reward_scaling_quo=10.0, inventoryPnL_eta=0.6, inventoryPnL_gamma=0.1, rebate_bps=0.4, unrealizedPnL_lambda=0.1, avst_k_parameter=0.61, avst_var_parameter=280, time_delay_obs_act=0, n_actions=10, num_messages_by_agent=4, num_action_messages_by_agent=2), 'Execution': Execution_EnvironmentConfig(debug_mode=False, larger_far_touch_quant=False, normalize=True, short_name='EXE', action_type='pure', task='random', action_space='fixed_quants_complex', observation_space='engineered', reward_function='normal', task_size=600, n_ticks_in_book=1, fixed_quant_value=10, reward_lambda=0.1, reward_scaling_quo=10.0, doom_price_penalty=3, reference_price='far_touch', time_delay_obs_act=0, n_actions=13, num_messages_by_agent=8, num_action_messages_by_agent=4)}, number_of_agents_per_type=[1, 1])
Note: The sweep parameters in yaml will override these settings.
Loading the env config from file 
	config/env_configs/2_player_fq_fqc.json 
********* DEBUG ********** 
 Loaded env_config:  MultiAgentConfig(world_config=World_EnvironmentConfig(maxint=2147483647, init_id=-2, book_depth=10, cancel_mode=1, type_4_interpretation=0, seed=42, nTrades=100, nOrders=100, simulator_mode=0, empty_slot_val=-1, debug_mode=False, check_book_fill=True, start_resolution=64, alphatradePath='/gpfs/home4/adong/JaxMARL-HFT', dataPath='/gpfs/home4/adong/JaxMARL-HFT/data', stock='AMZN', timePeriod='train', n_data_msg_per_step=100, window_selector=-1, ep_type='fixed_steps', episode_time=64, day_start=34200, day_end=57600, tick_size=100, trader_id_range_start=-100, placeholder_order_id=-198, artificial_trader_id_end_episode=-199, artificial_order_id_end_episode=-199, any_message_obs_space=False, order_id_counter_start_when_resetting=-200, shuffle_action_messages=True, use_pickles_for_init=True, save_raw_observations=False), dict_of_agents_configs={'MarketMaking': MarketMaking_EnvironmentConfig(debug_mode=False, short_name='MM', normalize=True, clip_reward=False, exclude_extreme_spreads=False, fixed_action_setting=False, fixed_action=0, simple_nothing_action=True, sell_buy_all_option=False, based_on_mid_price_of_action=True, tenth_action='MarketOrder', bob_v0=1, action_space='fixed_quants', observation_space='basic', reward_function='spooner_asym_damped2', spread_multiplier=3.0, skew_multiplier=5.0, n_ticks_offset=1, fixed_quant_value=1, auto_liquidate_threshold=0, auto_liquidate_alpha=1.0, unwind_price_penalty=0, inv_penalty='none', volume_traded_bonus='none', reference_price='mid', unwind_price='mid', inv_penalty_lambda=1.0, inv_penalty_quadratic_factor=50.0, inv_penalty_threshold=10.0, multiplier_type='tick', reward_scaling_quo=10.0, inventoryPnL_eta=0.6, inventoryPnL_gamma=0.1, rebate_bps=0.4, unrealizedPnL_lambda=0.1, avst_k_parameter=0.61, avst_var_parameter=280, time_delay_obs_act=0, n_actions=10, num_messages_by_agent=4, num_action_messages_by_agent=2), 'Execution': Execution_EnvironmentConfig(debug_mode=False, larger_far_touch_quant=False, normalize=True, short_name='EXE', action_type='pure', task='random', action_space='fixed_quants_complex', observation_space='engineered', reward_function='normal', task_size=600, n_ticks_in_book=1, fixed_quant_value=10, reward_lambda=0.1, reward_scaling_quo=10.0, doom_price_penalty=3, reference_price='far_touch', time_delay_obs_act=0, n_actions=13, num_messages_by_agent=8, num_action_messages_by_agent=4)}, number_of_agents_per_type=[1, 1])
Note: The sweep parameters in yaml will override these settings.
Create sweep with ID: 5968ug35
Sweep URL: https://wandb.ai/ark-dong-university-of-amsterdam/Thesis/sweeps/5968ug35
The sweep ID is:  5968ug35
Create sweep with ID: zhs9g51p
Sweep URL: https://wandb.ai/ark-dong-university-of-amsterdam/Thesis/sweeps/zhs9g51p
The sweep ID is:  zhs9g51p
Create sweep with ID: k4lr7cvw
Sweep URL: https://wandb.ai/ark-dong-university-of-amsterdam/Thesis/sweeps/k4lr7cvw
The sweep ID is:  k4lr7cvw
Create sweep with ID: oji924am
Sweep URL: https://wandb.ai/ark-dong-university-of-amsterdam/Thesis/sweeps/oji924am
The sweep ID is:  oji924am
Final check: the wandb.config object used in this run is 
 	 {'LR': [0.00025, 0.00025], 'NUM_ENVS': 4096, 'NUM_STEPS': 64, 'NUM_STEPS_EVAL': 64, 'GRU_HIDDEN_DIM': 256, 'FC_DIM_SIZE': 256, 'TOTAL_TIMESTEPS': 8388608, 'UPDATE_EPOCHS': 4, 'NUM_MINIBATCHES': 4, 'GAMMA': [0.999999999, 0.999], 'GAE_LAMBDA': [0.85, 0.9], 'CLIP_EPS': 0.2, 'SCALE_CLIP_EPS': [False, False], 'ENT_COEF': [0.01, 0.01], 'VF_COEF': [0.5, 0.5], 'MAX_GRAD_NORM': [0.5, 0.5], 'ACTIVATION': ['relu', 'relu'], 'ENV_NAME': 'JAXMARL-Lob-v0', 'NUM_AGENTS_PER_TYPE': [1, 1], 'N_DEVICES': 4, 'ENV_CONFIG': 'config/env_configs/2_player_fq_fqc.json', 'ANNEAL_LR': [True, True], 'ENTITY': 'ark-dong-university-of-amsterdam', 'PROJECT': 'Thesis', 'WANDB_MODE': 'online', 'CALC_EVAL': False, 'TimePeriod': 'train', 'EvalTimePeriod': 'train', 'Calculate Baseline': False, 'Timing': True, 'SWEEP_PARAMETERS': {'SEED': {'values': [42]}, 'AGENT_CONFIGS': {'parameters': {'MarketMaking': {'parameters': {'inv_penalty': {'values': ['none']}}}, 'Execution': {'parameters': {'reward_lambda': {'values': [0.1]}}}}}}, 'world_config': {'trader_id_range_start': -100, 'stock': 'AMZN', 'dataPath': '/gpfs/home4/adong/JaxMARL-HFT/data', 'ep_type': 'fixed_steps', 'simulator_mode': 0, 'placeholder_order_id': -198, 'cancel_mode': 1, 'maxint': 2147483647, 'use_pickles_for_init': True, 'order_id_counter_start_when_resetting': -200, 'artificial_order_id_end_episode': -199, 'tick_size': 100, 'seed': 42, 'nTrades': 100, 'empty_slot_val': -1, 'save_raw_observations': False, 'day_start': 34200, 'book_depth': 10, 'artificial_trader_id_end_episode': -199, 'timePeriod': 'train', 'init_id': -2, 'debug_mode': False, 'check_book_fill': True, 'type_4_interpretation': 0, 'window_selector': -1, 'alphatradePath': '/gpfs/home4/adong/JaxMARL-HFT', 'nOrders': 100, 'day_end': 57600, 'episode_time': 64, 'n_data_msg_per_step': 100, 'start_resolution': 64, 'shuffle_action_messages': True, 'any_message_obs_space': False}, 'dict_of_agents_configs': {'Execution': {'n_ticks_in_book': 1, 'num_action_messages_by_agent': 4, 'action_space': 'fixed_quants_complex', 'reward_lambda': 0.1, 'short_name': 'EXE', 'larger_far_touch_quant': False, 'action_type': 'pure', 'observation_space': 'engineered', 'fixed_quant_value': 10, 'task_size': 600, 'num_messages_by_agent': 8, 'reference_price': 'far_touch', 'normalize': True, 'reward_function': 'normal', 'time_delay_obs_act': 0, 'reward_scaling_quo': 10, 'debug_mode': False, 'n_actions': 13, 'task': 'random', 'doom_price_penalty': 3}, 'MarketMaking': {'short_name': 'MM', 'reference_price': 'mid', 'normalize': True, 'num_action_messages_by_agent': 2, 'num_messages_by_agent': 4, 'clip_reward': False, 'exclude_extreme_spreads': False, 'fixed_action': 0, 'skew_multiplier': 5, 'sell_buy_all_option': False, 'auto_liquidate_threshold': 0, 'inventoryPnL_eta': 0.6, 'avst_var_parameter': 280, 'inv_penalty_quadratic_factor': 50, 'multiplier_type': 'tick', 'fixed_quant_value': 1, 'reward_function': 'spooner_asym_damped2', 'n_actions': 10, 'simple_nothing_action': True, 'avst_k_parameter': 0.61, 'n_ticks_offset': 1, 'unrealizedPnL_lambda': 0.1, 'reward_scaling_quo': 10, 'inv_penalty_threshold': 10, 'fixed_action_setting': False, 'unwind_price': 'mid', 'debug_mode': False, 'tenth_action': 'MarketOrder', 'bob_v0': 1, 'inv_penalty': 'none', 'time_delay_obs_act': 0, 'observation_space': 'basic', 'volume_traded_bonus': 'none', 'rebate_bps': 0.4, 'action_space': 'fixed_quants', 'based_on_mid_price_of_action': True, 'spread_multiplier': 3, 'unwind_price_penalty': 0, 'inventoryPnL_gamma': 0.1, 'auto_liquidate_alpha': 1, 'inv_penalty_lambda': 1}}, 'number_of_agents_per_type': [1, 1], 'AGENT_CONFIGS': {'Execution': {'reward_lambda': 0.1}, 'MarketMaking': {'inv_penalty': 'none'}}, 'SEED': 42}
Overriding the Agent config objects with the variable from the sweep parameters.
The training environment config, after copying of sweep parameters is 
	  MultiAgentConfig(world_config=World_EnvironmentConfig(maxint=2147483647, init_id=-2, book_depth=10, cancel_mode=1, type_4_interpretation=0, seed=42, nTrades=100, nOrders=100, simulator_mode=0, empty_slot_val=-1, debug_mode=False, check_book_fill=True, start_resolution=64, alphatradePath='/gpfs/home4/adong/JaxMARL-HFT', dataPath='/gpfs/home4/adong/JaxMARL-HFT/data', stock='AMZN', timePeriod='train', n_data_msg_per_step=100, window_selector=-1, ep_type='fixed_steps', episode_time=64, day_start=34200, day_end=57600, tick_size=100, trader_id_range_start=-100, placeholder_order_id=-198, artificial_trader_id_end_episode=-199, artificial_order_id_end_episode=-199, any_message_obs_space=False, order_id_counter_start_when_resetting=-200, shuffle_action_messages=True, use_pickles_for_init=True, save_raw_observations=False), dict_of_agents_configs={'Execution': Execution_EnvironmentConfig(debug_mode=False, larger_far_touch_quant=False, normalize=True, short_name='EXE', action_type='pure', task='random', action_space='fixed_quants_complex', observation_space='engineered', reward_function='normal', task_size=600, n_ticks_in_book=1, fixed_quant_value=10, reward_lambda=0.1, reward_scaling_quo=10, doom_price_penalty=3, reference_price='far_touch', time_delay_obs_act=0, n_actions=13, num_messages_by_agent=8, num_action_messages_by_agent=4), 'MarketMaking': MarketMaking_EnvironmentConfig(debug_mode=False, short_name='MM', normalize=True, clip_reward=False, exclude_extreme_spreads=False, fixed_action_setting=False, fixed_action=0, simple_nothing_action=True, sell_buy_all_option=False, based_on_mid_price_of_action=True, tenth_action='MarketOrder', bob_v0=1, action_space='fixed_quants', observation_space='basic', reward_function='spooner_asym_damped2', spread_multiplier=3, skew_multiplier=5, n_ticks_offset=1, fixed_quant_value=1, auto_liquidate_threshold=0, auto_liquidate_alpha=1, unwind_price_penalty=0, inv_penalty='none', volume_traded_bonus='none', reference_price='mid', unwind_price='mid', inv_penalty_lambda=1, inv_penalty_quadratic_factor=50, inv_penalty_threshold=10, multiplier_type='tick', reward_scaling_quo=10, inventoryPnL_eta=0.6, inventoryPnL_gamma=0.1, rebate_bps=0.4, unrealizedPnL_lambda=0.1, avst_k_parameter=0.61, avst_var_parameter=280, time_delay_obs_act=0, n_actions=10, num_messages_by_agent=4, num_action_messages_by_agent=2)}, number_of_agents_per_type=[1, 1])
LoadLOBSTER_resample __init__: The datapaths considered are ['/gpfs/home4/adong/JaxMARL-HFT/data/rawLOBSTER/AMZN/train/']
Final check: the wandb.config object used in this run is 
 	 {'LR': [0.00025, 0.00025], 'NUM_ENVS': 4096, 'NUM_STEPS': 64, 'NUM_STEPS_EVAL': 64, 'GRU_HIDDEN_DIM': 256, 'FC_DIM_SIZE': 256, 'TOTAL_TIMESTEPS': 8388608, 'UPDATE_EPOCHS': 4, 'NUM_MINIBATCHES': 4, 'GAMMA': [0.999999999, 0.999], 'GAE_LAMBDA': [0.85, 0.9], 'CLIP_EPS': 0.2, 'SCALE_CLIP_EPS': [False, False], 'ENT_COEF': [0.01, 0.01], 'VF_COEF': [0.5, 0.5], 'MAX_GRAD_NORM': [0.5, 0.5], 'ACTIVATION': ['relu', 'relu'], 'ENV_NAME': 'JAXMARL-Lob-v0', 'NUM_AGENTS_PER_TYPE': [1, 1], 'N_DEVICES': 4, 'ENV_CONFIG': 'config/env_configs/2_player_fq_fqc.json', 'ANNEAL_LR': [True, True], 'ENTITY': 'ark-dong-university-of-amsterdam', 'PROJECT': 'Thesis', 'WANDB_MODE': 'online', 'CALC_EVAL': False, 'TimePeriod': 'train', 'EvalTimePeriod': 'train', 'Calculate Baseline': False, 'Timing': True, 'SWEEP_PARAMETERS': {'SEED': {'values': [42]}, 'AGENT_CONFIGS': {'parameters': {'Execution': {'parameters': {'reward_lambda': {'values': [0.1]}}}, 'MarketMaking': {'parameters': {'inv_penalty': {'values': ['none']}}}}}}, 'world_config': {'order_id_counter_start_when_resetting': -200, 'n_data_msg_per_step': 100, 'book_depth': 10, 'artificial_order_id_end_episode': -199, 'day_end': 57600, 'init_id': -2, 'window_selector': -1, 'start_resolution': 64, 'alphatradePath': '/gpfs/home4/adong/JaxMARL-HFT', 'ep_type': 'fixed_steps', 'day_start': 34200, 'empty_slot_val': -1, 'dataPath': '/gpfs/home4/adong/JaxMARL-HFT/data', 'debug_mode': False, 'timePeriod': 'train', 'shuffle_action_messages': True, 'save_raw_observations': False, 'episode_time': 64, 'type_4_interpretation': 0, 'stock': 'AMZN', 'tick_size': 100, 'seed': 42, 'any_message_obs_space': False, 'cancel_mode': 1, 'nOrders': 100, 'maxint': 2147483647, 'use_pickles_for_init': True, 'trader_id_range_start': -100, 'check_book_fill': True, 'placeholder_order_id': -198, 'nTrades': 100, 'simulator_mode': 0, 'artificial_trader_id_end_episode': -199}, 'dict_of_agents_configs': {'MarketMaking': {'action_space': 'fixed_quants', 'inv_penalty_threshold': 10, 'n_ticks_offset': 1, 'unrealizedPnL_lambda': 0.1, 'fixed_action_setting': False, 'simple_nothing_action': True, 'time_delay_obs_act': 0, 'reward_scaling_quo': 10, 'avst_var_parameter': 280, 'volume_traded_bonus': 'none', 'skew_multiplier': 5, 'short_name': 'MM', 'num_messages_by_agent': 4, 'reference_price': 'mid', 'inv_penalty_quadratic_factor': 50, 'auto_liquidate_alpha': 1, 'fixed_quant_value': 1, 'inventoryPnL_gamma': 0.1, 'avst_k_parameter': 0.61, 'sell_buy_all_option': False, 'tenth_action': 'MarketOrder', 'reward_function': 'spooner_asym_damped2', 'clip_reward': False, 'multiplier_type': 'tick', 'num_action_messages_by_agent': 2, 'exclude_extreme_spreads': False, 'debug_mode': False, 'observation_space': 'basic', 'inv_penalty': 'none', 'normalize': True, 'fixed_action': 0, 'rebate_bps': 0.4, 'based_on_mid_price_of_action': True, 'auto_liquidate_threshold': 0, 'inventoryPnL_eta': 0.6, 'unwind_price_penalty': 0, 'bob_v0': 1, 'spread_multiplier': 3, 'unwind_price': 'mid', 'n_actions': 10, 'inv_penalty_lambda': 1}, 'Execution': {'larger_far_touch_quant': False, 'reward_lambda': 0.1, 'reference_price': 'far_touch', 'short_name': 'EXE', 'task': 'random', 'action_type': 'pure', 'num_action_messages_by_agent': 4, 'num_messages_by_agent': 8, 'debug_mode': False, 'n_actions': 13, 'time_delay_obs_act': 0, 'normalize': True, 'doom_price_penalty': 3, 'reward_scaling_quo': 10, 'observation_space': 'engineered', 'fixed_quant_value': 10, 'reward_function': 'normal', 'task_size': 600, 'action_space': 'fixed_quants_complex', 'n_ticks_in_book': 1}}, 'number_of_agents_per_type': [1, 1], 'AGENT_CONFIGS': {'Execution': {'reward_lambda': 0.1}, 'MarketMaking': {'inv_penalty': 'none'}}, 'SEED': 42}
Overriding the Agent config objects with the variable from the sweep parameters.
The training environment config, after copying of sweep parameters is 
	  MultiAgentConfig(world_config=World_EnvironmentConfig(maxint=2147483647, init_id=-2, book_depth=10, cancel_mode=1, type_4_interpretation=0, seed=42, nTrades=100, nOrders=100, simulator_mode=0, empty_slot_val=-1, debug_mode=False, check_book_fill=True, start_resolution=64, alphatradePath='/gpfs/home4/adong/JaxMARL-HFT', dataPath='/gpfs/home4/adong/JaxMARL-HFT/data', stock='AMZN', timePeriod='train', n_data_msg_per_step=100, window_selector=-1, ep_type='fixed_steps', episode_time=64, day_start=34200, day_end=57600, tick_size=100, trader_id_range_start=-100, placeholder_order_id=-198, artificial_trader_id_end_episode=-199, artificial_order_id_end_episode=-199, any_message_obs_space=False, order_id_counter_start_when_resetting=-200, shuffle_action_messages=True, use_pickles_for_init=True, save_raw_observations=False), dict_of_agents_configs={'Execution': Execution_EnvironmentConfig(debug_mode=False, larger_far_touch_quant=False, normalize=True, short_name='EXE', action_type='pure', task='random', action_space='fixed_quants_complex', observation_space='engineered', reward_function='normal', task_size=600, n_ticks_in_book=1, fixed_quant_value=10, reward_lambda=0.1, reward_scaling_quo=10, doom_price_penalty=3, reference_price='far_touch', time_delay_obs_act=0, n_actions=13, num_messages_by_agent=8, num_action_messages_by_agent=4), 'MarketMaking': MarketMaking_EnvironmentConfig(debug_mode=False, short_name='MM', normalize=True, clip_reward=False, exclude_extreme_spreads=False, fixed_action_setting=False, fixed_action=0, simple_nothing_action=True, sell_buy_all_option=False, based_on_mid_price_of_action=True, tenth_action='MarketOrder', bob_v0=1, action_space='fixed_quants', observation_space='basic', reward_function='spooner_asym_damped2', spread_multiplier=3, skew_multiplier=5, n_ticks_offset=1, fixed_quant_value=1, auto_liquidate_threshold=0, auto_liquidate_alpha=1, unwind_price_penalty=0, inv_penalty='none', volume_traded_bonus='none', reference_price='mid', unwind_price='mid', inv_penalty_lambda=1, inv_penalty_quadratic_factor=50, inv_penalty_threshold=10, multiplier_type='tick', reward_scaling_quo=10, inventoryPnL_eta=0.6, inventoryPnL_gamma=0.1, rebate_bps=0.4, unrealizedPnL_lambda=0.1, avst_k_parameter=0.61, avst_var_parameter=280, time_delay_obs_act=0, n_actions=10, num_messages_by_agent=4, num_action_messages_by_agent=2)}, number_of_agents_per_type=[1, 1])
LoadLOBSTER_resample __init__: The datapaths considered are ['/gpfs/home4/adong/JaxMARL-HFT/data/rawLOBSTER/AMZN/train/']
LoadLOBSTER_resample __init__: Found 74 message files
LoadLOBSTER_resample __init__: Found 74 book files
Final check: the wandb.config object used in this run is 
 	 {'LR': [0.00025, 0.00025], 'NUM_ENVS': 4096, 'NUM_STEPS': 64, 'NUM_STEPS_EVAL': 64, 'GRU_HIDDEN_DIM': 256, 'FC_DIM_SIZE': 256, 'TOTAL_TIMESTEPS': 8388608, 'UPDATE_EPOCHS': 4, 'NUM_MINIBATCHES': 4, 'GAMMA': [0.999999999, 0.999], 'GAE_LAMBDA': [0.85, 0.9], 'CLIP_EPS': 0.2, 'SCALE_CLIP_EPS': [False, False], 'ENT_COEF': [0.01, 0.01], 'VF_COEF': [0.5, 0.5], 'MAX_GRAD_NORM': [0.5, 0.5], 'ACTIVATION': ['relu', 'relu'], 'ENV_NAME': 'JAXMARL-Lob-v0', 'NUM_AGENTS_PER_TYPE': [1, 1], 'N_DEVICES': 4, 'ENV_CONFIG': 'config/env_configs/2_player_fq_fqc.json', 'ANNEAL_LR': [True, True], 'ENTITY': 'ark-dong-university-of-amsterdam', 'PROJECT': 'Thesis', 'WANDB_MODE': 'online', 'CALC_EVAL': False, 'TimePeriod': 'train', 'EvalTimePeriod': 'train', 'Calculate Baseline': False, 'Timing': True, 'SWEEP_PARAMETERS': {'SEED': {'values': [42]}, 'AGENT_CONFIGS': {'parameters': {'Execution': {'parameters': {'reward_lambda': {'values': [0.1]}}}, 'MarketMaking': {'parameters': {'inv_penalty': {'values': ['none']}}}}}}, 'world_config': {'timePeriod': 'train', 'n_data_msg_per_step': 100, 'nOrders': 100, 'ep_type': 'fixed_steps', 'seed': 42, 'artificial_trader_id_end_episode': -199, 'nTrades': 100, 'use_pickles_for_init': True, 'artificial_order_id_end_episode': -199, 'start_resolution': 64, 'shuffle_action_messages': True, 'window_selector': -1, 'save_raw_observations': False, 'trader_id_range_start': -100, 'maxint': 2147483647, 'alphatradePath': '/gpfs/home4/adong/JaxMARL-HFT', 'type_4_interpretation': 0, 'episode_time': 64, 'day_start': 34200, 'placeholder_order_id': -198, 'tick_size': 100, 'init_id': -2, 'empty_slot_val': -1, 'dataPath': '/gpfs/home4/adong/JaxMARL-HFT/data', 'order_id_counter_start_when_resetting': -200, 'day_end': 57600, 'stock': 'AMZN', 'check_book_fill': True, 'book_depth': 10, 'any_message_obs_space': False, 'debug_mode': False, 'cancel_mode': 1, 'simulator_mode': 0}, 'dict_of_agents_configs': {'MarketMaking': {'tenth_action': 'MarketOrder', 'rebate_bps': 0.4, 'fixed_action': 0, 'unwind_price': 'mid', 'inventoryPnL_eta': 0.6, 'fixed_action_setting': False, 'inv_penalty_quadratic_factor': 50, 'normalize': True, 'fixed_quant_value': 1, 'n_actions': 10, 'inv_penalty_threshold': 10, 'avst_var_parameter': 280, 'inv_penalty_lambda': 1, 'unwind_price_penalty': 0, 'skew_multiplier': 5, 'num_messages_by_agent': 4, 'unrealizedPnL_lambda': 0.1, 'inventoryPnL_gamma': 0.1, 'avst_k_parameter': 0.61, 'simple_nothing_action': True, 'volume_traded_bonus': 'none', 'bob_v0': 1, 'observation_space': 'basic', 'spread_multiplier': 3, 'action_space': 'fixed_quants', 'auto_liquidate_alpha': 1, 'reference_price': 'mid', 'n_ticks_offset': 1, 'multiplier_type': 'tick', 'num_action_messages_by_agent': 2, 'sell_buy_all_option': False, 'reward_scaling_quo': 10, 'debug_mode': False, 'clip_reward': False, 'time_delay_obs_act': 0, 'short_name': 'MM', 'reward_function': 'spooner_asym_damped2', 'inv_penalty': 'none', 'auto_liquidate_threshold': 0, 'exclude_extreme_spreads': False, 'based_on_mid_price_of_action': True}, 'Execution': {'task_size': 600, 'debug_mode': False, 'doom_price_penalty': 3, 'num_messages_by_agent': 8, 'n_ticks_in_book': 1, 'fixed_quant_value': 10, 'action_type': 'pure', 'reward_scaling_quo': 10, 'action_space': 'fixed_quants_complex', 'observation_space': 'engineered', 'time_delay_obs_act': 0, 'larger_far_touch_quant': False, 'reward_lambda': 0.1, 'normalize': True, 'num_action_messages_by_agent': 4, 'reward_function': 'normal', 'n_actions': 13, 'reference_price': 'far_touch', 'short_name': 'EXE', 'task': 'random'}}, 'number_of_agents_per_type': [1, 1], 'AGENT_CONFIGS': {'Execution': {'reward_lambda': 0.1}, 'MarketMaking': {'inv_penalty': 'none'}}, 'SEED': 42}
Overriding the Agent config objects with the variable from the sweep parameters.
The training environment config, after copying of sweep parameters is 
	  MultiAgentConfig(world_config=World_EnvironmentConfig(maxint=2147483647, init_id=-2, book_depth=10, cancel_mode=1, type_4_interpretation=0, seed=42, nTrades=100, nOrders=100, simulator_mode=0, empty_slot_val=-1, debug_mode=False, check_book_fill=True, start_resolution=64, alphatradePath='/gpfs/home4/adong/JaxMARL-HFT', dataPath='/gpfs/home4/adong/JaxMARL-HFT/data', stock='AMZN', timePeriod='train', n_data_msg_per_step=100, window_selector=-1, ep_type='fixed_steps', episode_time=64, day_start=34200, day_end=57600, tick_size=100, trader_id_range_start=-100, placeholder_order_id=-198, artificial_trader_id_end_episode=-199, artificial_order_id_end_episode=-199, any_message_obs_space=False, order_id_counter_start_when_resetting=-200, shuffle_action_messages=True, use_pickles_for_init=True, save_raw_observations=False), dict_of_agents_configs={'Execution': Execution_EnvironmentConfig(debug_mode=False, larger_far_touch_quant=False, normalize=True, short_name='EXE', action_type='pure', task='random', action_space='fixed_quants_complex', observation_space='engineered', reward_function='normal', task_size=600, n_ticks_in_book=1, fixed_quant_value=10, reward_lambda=0.1, reward_scaling_quo=10, doom_price_penalty=3, reference_price='far_touch', time_delay_obs_act=0, n_actions=13, num_messages_by_agent=8, num_action_messages_by_agent=4), 'MarketMaking': MarketMaking_EnvironmentConfig(debug_mode=False, short_name='MM', normalize=True, clip_reward=False, exclude_extreme_spreads=False, fixed_action_setting=False, fixed_action=0, simple_nothing_action=True, sell_buy_all_option=False, based_on_mid_price_of_action=True, tenth_action='MarketOrder', bob_v0=1, action_space='fixed_quants', observation_space='basic', reward_function='spooner_asym_damped2', spread_multiplier=3, skew_multiplier=5, n_ticks_offset=1, fixed_quant_value=1, auto_liquidate_threshold=0, auto_liquidate_alpha=1, unwind_price_penalty=0, inv_penalty='none', volume_traded_bonus='none', reference_price='mid', unwind_price='mid', inv_penalty_lambda=1, inv_penalty_quadratic_factor=50, inv_penalty_threshold=10, multiplier_type='tick', reward_scaling_quo=10, inventoryPnL_eta=0.6, inventoryPnL_gamma=0.1, rebate_bps=0.4, unrealizedPnL_lambda=0.1, avst_k_parameter=0.61, avst_var_parameter=280, time_delay_obs_act=0, n_actions=10, num_messages_by_agent=4, num_action_messages_by_agent=2)}, number_of_agents_per_type=[1, 1])
LoadLOBSTER_resample __init__: The datapaths considered are ['/gpfs/home4/adong/JaxMARL-HFT/data/rawLOBSTER/AMZN/train/']
LoadLOBSTER_resample run_loading: loading cached arrays from /gpfs/home4/adong/JaxMARL-HFT/saved_npz/loaded_lobster_LoadLOBSTER_resample_AMZN_train_10_fixed_steps_64_64_100_34200_57600.npz
LoadLOBSTER_resample __init__: Found 74 message files
LoadLOBSTER_resample __init__: Found 74 book files
LoadLOBSTER_resample run_loading: loading cached arrays from /gpfs/home4/adong/JaxMARL-HFT/saved_npz/loaded_lobster_LoadLOBSTER_resample_AMZN_train_10_fixed_steps_64_64_100_34200_57600.npz
LoadLOBSTER_resample __init__: Found 74 message files
LoadLOBSTER_resample __init__: Found 74 book files
LoadLOBSTER_resample run_loading: loading cached arrays from /gpfs/home4/adong/JaxMARL-HFT/saved_npz/loaded_lobster_LoadLOBSTER_resample_AMZN_train_10_fixed_steps_64_64_100_34200_57600.npz
BaseLOBEnv _init_states:  pre-reset in the initialization
BaseLOBEnv _init_states: pre-reset will be saved to or loaded from 
	/gpfs/home4/adong/JaxMARL-HFT/pre_reset_states/ResetStates_BaseLOBEnv_AMZN_train_10_fixed_steps_64_64_100_34200_57600.pkl
BaseLOBEnv _init_states:  pre-reset in the initialization
BaseLOBEnv _init_states: pre-reset will be saved to or loaded from 
	/gpfs/home4/adong/JaxMARL-HFT/pre_reset_states/ResetStates_BaseLOBEnv_AMZN_train_10_fixed_steps_64_64_100_34200_57600.pkl
BaseLOBEnv _init_states:  pre-reset in the initialization
BaseLOBEnv _init_states: pre-reset will be saved to or loaded from 
	/gpfs/home4/adong/JaxMARL-HFT/pre_reset_states/ResetStates_BaseLOBEnv_AMZN_train_10_fixed_steps_64_64_100_34200_57600.pkl
BaseLOBEnv _init_states: initial states have been loaded successfully
BaseLOBEnv _init_states: All initial reset states are ready.
BaseLOBEnv _init_states: initial states have been loaded successfully
BaseLOBEnv _init_states: All initial reset states are ready.
BaseLOBEnv _init_states: initial states have been loaded successfully
BaseLOBEnv _init_states: All initial reset states are ready.
Multi-device: 1 device(s) detected, sharding 4096 envs across them
Multi-device: 1 device(s) detected, sharding 4096 envs across them
Multi-device: 1 device(s) detected, sharding 4096 envs across them
[2026-06-28 15:39:52,225][root][INFO] - [process=0] Created OpTracker for checkpoint_manager_save with operation id 1
Saving checkpoints to directory: 
 	 /gpfs/home4/adong/JaxMARL-HFT/checkpoints/MARLCheckpoints/Thesis/fast-sweep-1
Starting Update step 1/32
[2026-06-28 15:39:52,604][root][INFO] - [process=0] Created OpTracker for checkpoint_manager_save with operation id 1
Saving checkpoints to directory: 
 	 /gpfs/home4/adong/JaxMARL-HFT/checkpoints/MARLCheckpoints/Thesis/smart-sweep-1
Starting Update step 1/32
[2026-06-28 15:39:53,160][root][INFO] - [process=0] Created OpTracker for checkpoint_manager_save with operation id 1
Saving checkpoints to directory: 
 	 /gpfs/home4/adong/JaxMARL-HFT/checkpoints/MARLCheckpoints/Thesis/classic-sweep-1
Starting Update step 1/32
Finished compiling
Finished compiling
Finished compiling
Update step: 0
Action shape is  (64, 4096)
Action shape is  (64, 4096)
avg_reward_EXE -0.7939315438270569
avg_reward_MM -0.0066683655604720116
Update step 1 completed
Saving checkpoint 1
[2026-06-28 15:40:30,427][root][INFO] - [process=0] Created OpTracker for checkpoint_manager_save with operation id 2
Update step: 0
Action shape is  (64, 4096)
Action shape is  (64, 4096)
avg_reward_EXE -0.7939315438270569
avg_reward_MM -0.0066683655604720116
Update step 1 completed
Saving checkpoint 1
[2026-06-28 15:40:30,677][root][INFO] - [process=0] Created OpTracker for checkpoint_manager_save with operation id 2
Starting Update step 2/32
Update step: 0
Action shape is  (64, 4096)
Action shape is  (64, 4096)
avg_reward_EXE -0.7939315438270569
avg_reward_MM -0.0066683655604720116
Update step 1 completed
Saving checkpoint 1
[2026-06-28 15:40:31,013][root][INFO] - [process=0] Created OpTracker for checkpoint_manager_save with operation id 2
Starting Update step 2/32
Starting Update step 2/32
Finished compiling
Finished compiling
Finished compiling
Update step: 1
Action shape is  (64, 4096)
Action shape is  (64, 4096)
avg_reward_EXE -0.799658477306366
avg_reward_MM -0.006522674113512039
Update step 2 completed
Saving checkpoint 2
[2026-06-28 15:41:05,263][root][INFO] - [process=0] Created OpTracker for checkpoint_manager_save with operation id 4
Starting Update step 3/32
Update step: 1
Action shape is  (64, 4096)
Action shape is  (64, 4096)
avg_reward_EXE -0.799658477306366
avg_reward_MM -0.006522674113512039
Update step 2 completed
Saving checkpoint 2
Update step: 1
Action shape is  (64, 4096)
[2026-06-28 15:41:05,907][root][INFO] - [process=0] Created OpTracker for checkpoint_manager_save with operation id 4
Action shape is  (64, 4096)
avg_reward_EXE -0.799658477306366
avg_reward_MM -0.006522674113512039
Update step 2 completed
Saving checkpoint 2
[2026-06-28 15:41:06,002][root][INFO] - [process=0] Created OpTracker for checkpoint_manager_save with operation id 4
Starting Update step 3/32
Starting Update step 3/32
Update step: 2
Action shape is  (64, 4096)
Action shape is  (64, 4096)
avg_reward_EXE -0.7734811305999756
avg_reward_MM -0.005943010561168194
Update step 3 completed
Saving checkpoint 3
[2026-06-28 15:41:28,706][root][INFO] - [process=0] Created OpTracker for checkpoint_manager_save with operation id 6
Starting Update step 4/32
Update step: 2
Action shape is  (64, 4096)
Action shape is  (64, 4096)
avg_reward_EXE -0.7734811305999756
avg_reward_MM -0.005943010561168194
Update step 3 completed
Saving checkpoint 3
[2026-06-28 15:41:29,231][root][INFO] - [process=0] Created OpTracker for checkpoint_manager_save with operation id 6
Update step: 2
Action shape is  (64, 4096)
Action shape is  (64, 4096)
avg_reward_EXE -0.7734811305999756
avg_reward_MM -0.005943010561168194
Update step 3 completed
Saving checkpoint 3
[2026-06-28 15:41:29,447][root][INFO] - [process=0] Created OpTracker for checkpoint_manager_save with operation id 6
Starting Update step 4/32
Starting Update step 4/32
Update step: 3
Action shape is  (64, 4096)
Action shape is  (64, 4096)
avg_reward_EXE -0.8364049196243286
avg_reward_MM -0.00622941367328167
Update step 4 completed
Saving checkpoint 4
[2026-06-28 15:41:51,811][root][INFO] - [process=0] Created OpTracker for checkpoint_manager_save with operation id 8
Starting Update step 5/32
Update step: 3
Action shape is  (64, 4096)
Action shape is  (64, 4096)
avg_reward_EXE -0.8364049196243286
avg_reward_MM -0.00622941367328167
Update step 4 completed
Saving checkpoint 4
[2026-06-28 15:41:52,299][root][INFO] - [process=0] Created OpTracker for checkpoint_manager_save with operation id 8
Update step: 3
Action shape is  (64, 4096)
Action shape is  (64, 4096)
avg_reward_EXE -0.8364049196243286
avg_reward_MM -0.00622941367328167
Update step 4 completed
Saving checkpoint 4
[2026-06-28 15:41:52,583][root][INFO] - [process=0] Created OpTracker for checkpoint_manager_save with operation id 8
Starting Update step 5/32
Starting Update step 5/32
Update step: 4
Action shape is  (64, 4096)
Action shape is  (64, 4096)
avg_reward_EXE -0.9030670523643494
avg_reward_MM -0.0061801038682460785
Update step 5 completed
Saving checkpoint 5
[2026-06-28 15:42:15,876][root][INFO] - [process=0] Created OpTracker for checkpoint_manager_save with operation id 10
Starting Update step 6/32
Update step: 4
Action shape is  (64, 4096)
Action shape is  (64, 4096)
avg_reward_EXE -0.9030670523643494
avg_reward_MM -0.0061801038682460785
Update step 5 completed
Saving checkpoint 5
[2026-06-28 15:42:16,367][root][INFO] - [process=0] Created OpTracker for checkpoint_manager_save with operation id 10
Starting Update step 6/32
Update step: 4
Action shape is  (64, 4096)
Action shape is  (64, 4096)
avg_reward_EXE -0.9030670523643494
avg_reward_MM -0.0061801038682460785
Update step 5 completed
Saving checkpoint 5
[2026-06-28 15:42:16,800][root][INFO] - [process=0] Created OpTracker for checkpoint_manager_save with operation id 10
Starting Update step 6/32
Update step: 5
Action shape is  (64, 4096)
Action shape is  (64, 4096)
avg_reward_EXE -0.9467437267303467
avg_reward_MM -0.005997015163302422
Update step 6 completed
Saving checkpoint 6
[2026-06-28 15:42:39,557][root][INFO] - [process=0] Created OpTracker for checkpoint_manager_save with operation id 12
Starting Update step 7/32
Update step: 5
Action shape is  (64, 4096)
Action shape is  (64, 4096)
avg_reward_EXE -0.9467437267303467
avg_reward_MM -0.005997015163302422
Update step 6 completed
Saving checkpoint 6
[2026-06-28 15:42:39,983][root][INFO] - [process=0] Created OpTracker for checkpoint_manager_save with operation id 12
Starting Update step 7/32
Update step: 5
Action shape is  (64, 4096)
Action shape is  (64, 4096)
avg_reward_EXE -0.9467437267303467
avg_reward_MM -0.005997015163302422
Update step 6 completed
Saving checkpoint 6
[2026-06-28 15:42:40,451][root][INFO] - [process=0] Created OpTracker for checkpoint_manager_save with operation id 12
Starting Update step 7/32
Update step: 6
Action shape is  (64, 4096)
Action shape is  (64, 4096)
avg_reward_EXE -1.0069104433059692
avg_reward_MM -0.0049995011650025845
Update step 7 completed
Saving checkpoint 7
[2026-06-28 15:43:03,854][root][INFO] - [process=0] Created OpTracker for checkpoint_manager_save with operation id 14
Update step: 6
Action shape is  (64, 4096)
Action shape is  (64, 4096)
Starting Update step 8/32
avg_reward_EXE -1.0069104433059692
avg_reward_MM -0.0049995011650025845
Update step 7 completed
Saving checkpoint 7
[2026-06-28 15:43:04,237][root][INFO] - [process=0] Created OpTracker for checkpoint_manager_save with operation id 14
Starting Update step 8/32
Update step: 6
Action shape is  (64, 4096)
Action shape is  (64, 4096)
avg_reward_EXE -1.0069104433059692
avg_reward_MM -0.0049995011650025845
Update step 7 completed
Saving checkpoint 7
[2026-06-28 15:43:04,723][root][INFO] - [process=0] Created OpTracker for checkpoint_manager_save with operation id 14
Starting Update step 8/32
Update step: 7
Action shape is  (64, 4096)
Action shape is  (64, 4096)
avg_reward_EXE -1.0906291007995605
avg_reward_MM -0.0031822388991713524
Update step 8 completed
Saving checkpoint 8
[2026-06-28 15:43:27,935][root][INFO] - [process=0] Created OpTracker for checkpoint_manager_save with operation id 16
Update step: 7
Action shape is  (64, 4096)
Action shape is  (64, 4096)
avg_reward_EXE -1.0906291007995605
avg_reward_MM -0.0031822388991713524
Update step 8 completed
Saving checkpoint 8
[2026-06-28 15:43:28,158][root][INFO] - [process=0] Created OpTracker for checkpoint_manager_save with operation id 16
Starting Update step 9/32
Starting Update step 9/32
Update step: 7
Action shape is  (64, 4096)
Action shape is  (64, 4096)
avg_reward_EXE -1.0906291007995605
avg_reward_MM -0.0031822388991713524
Update step 8 completed
Saving checkpoint 8
[2026-06-28 15:43:28,941][root][INFO] - [process=0] Created OpTracker for checkpoint_manager_save with operation id 16
Starting Update step 9/32
Update step: 8
Action shape is  (64, 4096)
Action shape is  (64, 4096)
avg_reward_EXE -1.0298783779144287
avg_reward_MM -0.0019325271714478731
Update step 9 completed
Saving checkpoint 9
[2026-06-28 15:43:52,148][root][INFO] - [process=0] Created OpTracker for checkpoint_manager_save with operation id 18
Update step: 8
Action shape is  (64, 4096)
Action shape is  (64, 4096)
avg_reward_EXE -1.0298783779144287
avg_reward_MM -0.0019325271714478731
Update step 9 completed
Saving checkpoint 9
[2026-06-28 15:43:52,327][root][INFO] - [process=0] Created OpTracker for checkpoint_manager_save with operation id 18
Starting Update step 10/32
Starting Update step 10/32
Update step: 8
Action shape is  (64, 4096)
Action shape is  (64, 4096)
avg_reward_EXE -1.0298783779144287
avg_reward_MM -0.0019325271714478731
Update step 9 completed
Saving checkpoint 9
[2026-06-28 15:43:53,237][root][INFO] - [process=0] Created OpTracker for checkpoint_manager_save with operation id 18
Starting Update step 10/32
Update step: 9
Action shape is  (64, 4096)
Action shape is  (64, 4096)
avg_reward_EXE -0.9846304655075073
avg_reward_MM -0.0005293539725244045
Update step 10 completed
Saving checkpoint 10
[2026-06-28 15:44:16,206][root][INFO] - [process=0] Created OpTracker for checkpoint_manager_save with operation id 20
Update step: 9
Action shape is  (64, 4096)
Action shape is  (64, 4096)
avg_reward_EXE -0.9846304655075073
avg_reward_MM -0.0005293539725244045
Update step 10 completed
Saving checkpoint 10
[2026-06-28 15:44:16,349][root][INFO] - [process=0] Created OpTracker for checkpoint_manager_save with operation id 20
Starting Update step 11/32
Starting Update step 11/32
Update step: 9
Action shape is  (64, 4096)
Action shape is  (64, 4096)
avg_reward_EXE -0.9846304655075073
avg_reward_MM -0.0005293539725244045
Update step 10 completed
Saving checkpoint 10
[2026-06-28 15:44:17,294][root][INFO] - [process=0] Created OpTracker for checkpoint_manager_save with operation id 20
Starting Update step 11/32
Update step: 10
Action shape is  (64, 4096)
Action shape is  (64, 4096)
avg_reward_EXE -0.9596577286720276
avg_reward_MM 9.541696636006236e-05
Update step 11 completed
Saving checkpoint 11
[2026-06-28 15:44:40,402][root][INFO] - [process=0] Created OpTracker for checkpoint_manager_save with operation id 22
Update step: 10
Action shape is  (64, 4096)
Action shape is  (64, 4096)
avg_reward_EXE -0.9596577286720276
avg_reward_MM 9.541696636006236e-05
Update step 11 completed
Saving checkpoint 11
[2026-06-28 15:44:40,524][root][INFO] - [process=0] Created OpTracker for checkpoint_manager_save with operation id 22
Starting Update step 12/32
Starting Update step 12/32
Update step: 10
Action shape is  (64, 4096)
Action shape is  (64, 4096)
avg_reward_EXE -0.9596577286720276
avg_reward_MM 9.541696636006236e-05
Update step 11 completed
Saving checkpoint 11
[2026-06-28 15:44:41,547][root][INFO] - [process=0] Created OpTracker for checkpoint_manager_save with operation id 22
Starting Update step 12/32
Update step: 11
Action shape is  (64, 4096)
Action shape is  (64, 4096)
Update step: 11
Action shape is  (64, 4096)
Action shape is  (64, 4096)
avg_reward_EXE -0.972285270690918
avg_reward_MM 0.001004001242108643
Update step 12 completed
Saving checkpoint 12
[2026-06-28 15:45:04,663][root][INFO] - [process=0] Created OpTracker for checkpoint_manager_save with operation id 24
avg_reward_EXE -0.972285270690918
avg_reward_MM 0.001004001242108643
Update step 12 completed
Saving checkpoint 12
[2026-06-28 15:45:04,674][root][INFO] - [process=0] Created OpTracker for checkpoint_manager_save with operation id 24
Starting Update step 13/32
Starting Update step 13/32
Update step: 11
Action shape is  (64, 4096)
Action shape is  (64, 4096)
avg_reward_EXE -0.972285270690918
avg_reward_MM 0.001004001242108643
Update step 12 completed
Saving checkpoint 12
[2026-06-28 15:45:05,914][root][INFO] - [process=0] Created OpTracker for checkpoint_manager_save with operation id 24
Starting Update step 13/32
Update step: 12
Action shape is  (64, 4096)
Action shape is  (64, 4096)
avg_reward_EXE -0.9699775576591492
avg_reward_MM 0.001568416366353631
Update step 13 completed
Saving checkpoint 13
[2026-06-28 15:45:29,543][root][INFO] - [process=0] Created OpTracker for checkpoint_manager_save with operation id 26
Update step: 12
Action shape is  (64, 4096)
Action shape is  (64, 4096)
avg_reward_EXE -0.9699775576591492
avg_reward_MM 0.001568416366353631
Update step 13 completed
Saving checkpoint 13
[2026-06-28 15:45:29,600][root][INFO] - [process=0] Created OpTracker for checkpoint_manager_save with operation id 26
Starting Update step 14/32
Starting Update step 14/32
Update step: 12
Action shape is  (64, 4096)
Action shape is  (64, 4096)
avg_reward_EXE -0.9699775576591492
avg_reward_MM 0.001568416366353631
Update step 13 completed
Saving checkpoint 13
[2026-06-28 15:45:30,954][root][INFO] - [process=0] Created OpTracker for checkpoint_manager_save with operation id 26
Starting Update step 14/32
Update step: 13
Action shape is  (64, 4096)
Action shape is  (64, 4096)
avg_reward_EXE -0.9577916264533997
avg_reward_MM 0.0027550249360501766
Update step 14 completed
Saving checkpoint 14
[2026-06-28 15:45:53,848][root][INFO] - [process=0] Created OpTracker for checkpoint_manager_save with operation id 28
Update step: 13
Action shape is  (64, 4096)
Action shape is  (64, 4096)
avg_reward_EXE -0.9577916264533997
avg_reward_MM 0.0027550249360501766
Update step 14 completed
Saving checkpoint 14
[2026-06-28 15:45:53,955][root][INFO] - [process=0] Created OpTracker for checkpoint_manager_save with operation id 28
Starting Update step 15/32
Starting Update step 15/32
Update step: 13
Action shape is  (64, 4096)
Action shape is  (64, 4096)
avg_reward_EXE -0.9577916264533997
avg_reward_MM 0.0027550249360501766
Update step 14 completed
Saving checkpoint 14
[2026-06-28 15:45:55,327][root][INFO] - [process=0] Created OpTracker for checkpoint_manager_save with operation id 28
Starting Update step 15/32
Update step: 14
Action shape is  (64, 4096)
Action shape is  (64, 4096)
avg_reward_EXE -0.9989960789680481
avg_reward_MM 0.004339173436164856
Update step 15 completed
Saving checkpoint 15
[2026-06-28 15:46:17,513][root][INFO] - [process=0] Created OpTracker for checkpoint_manager_save with operation id 30
Update step: 14
Action shape is  (64, 4096)
Action shape is  (64, 4096)
avg_reward_EXE -0.9989960789680481
avg_reward_MM 0.004339173436164856
Update step 15 completed
Saving checkpoint 15
[2026-06-28 15:46:17,670][root][INFO] - [process=0] Created OpTracker for checkpoint_manager_save with operation id 30
Starting Update step 16/32
Starting Update step 16/32
Update step: 14
Action shape is  (64, 4096)
Action shape is  (64, 4096)
avg_reward_EXE -0.9989960789680481
avg_reward_MM 0.004339173436164856
Update step 15 completed
Saving checkpoint 15
[2026-06-28 15:46:19,108][root][INFO] - [process=0] Created OpTracker for checkpoint_manager_save with operation id 30
Starting Update step 16/32
Update step: 15
Action shape is  (64, 4096)
Action shape is  (64, 4096)
avg_reward_EXE -0.981015145778656
avg_reward_MM 0.00508731696754694
Update step 16 completed
Saving checkpoint 16
[2026-06-28 15:46:41,271][root][INFO] - [process=0] Created OpTracker for checkpoint_manager_save with operation id 32
Update step: 15
Action shape is  (64, 4096)
Action shape is  (64, 4096)
avg_reward_EXE -0.981015145778656
avg_reward_MM 0.00508731696754694
Update step 16 completed
Saving checkpoint 16
[2026-06-28 15:46:41,511][root][INFO] - [process=0] Created OpTracker for checkpoint_manager_save with operation id 32
Starting Update step 17/32
Starting Update step 17/32
Update step: 15
Action shape is  (64, 4096)
Action shape is  (64, 4096)
avg_reward_EXE -0.981015145778656
avg_reward_MM 0.00508731696754694
Update step 16 completed
Saving checkpoint 16
[2026-06-28 15:46:42,996][root][INFO] - [process=0] Created OpTracker for checkpoint_manager_save with operation id 32
Starting Update step 17/32
Update step: 16
Action shape is  (64, 4096)
Action shape is  (64, 4096)
avg_reward_EXE -0.9605765342712402
avg_reward_MM 0.006781198550015688
Update step 17 completed
Saving checkpoint 17
[2026-06-28 15:47:05,177][root][INFO] - [process=0] Created OpTracker for checkpoint_manager_save with operation id 34
Starting Update step 18/32
Update step: 16
Action shape is  (64, 4096)
Action shape is  (64, 4096)
avg_reward_EXE -0.9605765342712402
avg_reward_MM 0.006781198550015688
Update step 17 completed
Saving checkpoint 17
[2026-06-28 15:47:05,673][root][INFO] - [process=0] Created OpTracker for checkpoint_manager_save with operation id 34
Starting Update step 18/32
Update step: 16
Action shape is  (64, 4096)
Action shape is  (64, 4096)
avg_reward_EXE -0.9605765342712402
avg_reward_MM 0.006781198550015688
Update step 17 completed
Saving checkpoint 17
[2026-06-28 15:47:07,230][root][INFO] - [process=0] Created OpTracker for checkpoint_manager_save with operation id 34
Starting Update step 18/32
Update step: 17
Action shape is  (64, 4096)
Action shape is  (64, 4096)
avg_reward_EXE -0.9426474571228027
avg_reward_MM 0.007533939555287361
Update step 18 completed
Saving checkpoint 18
[2026-06-28 15:47:29,024][root][INFO] - [process=0] Created OpTracker for checkpoint_manager_save with operation id 36
Starting Update step 19/32
Update step: 17
Action shape is  (64, 4096)
Action shape is  (64, 4096)
avg_reward_EXE -0.9426474571228027
avg_reward_MM 0.007533939555287361
Update step 18 completed
Saving checkpoint 18
[2026-06-28 15:47:29,559][root][INFO] - [process=0] Created OpTracker for checkpoint_manager_save with operation id 36
Starting Update step 19/32
Update step: 17
Action shape is  (64, 4096)
Action shape is  (64, 4096)
avg_reward_EXE -0.9426474571228027
avg_reward_MM 0.007533939555287361
Update step 18 completed
Saving checkpoint 18
[2026-06-28 15:47:31,153][root][INFO] - [process=0] Created OpTracker for checkpoint_manager_save with operation id 36
Starting Update step 19/32
Update step: 18
Action shape is  (64, 4096)
Action shape is  (64, 4096)
avg_reward_EXE -1.0006595849990845
avg_reward_MM 0.007725580595433712
Update step 19 completed
Saving checkpoint 19
[2026-06-28 15:47:52,827][root][INFO] - [process=0] Created OpTracker for checkpoint_manager_save with operation id 38
Starting Update step 20/32
Update step: 18
Action shape is  (64, 4096)
Action shape is  (64, 4096)
avg_reward_EXE -1.0006595849990845
avg_reward_MM 0.007725580595433712
Update step 19 completed
Saving checkpoint 19
[2026-06-28 15:47:53,443][root][INFO] - [process=0] Created OpTracker for checkpoint_manager_save with operation id 38
Starting Update step 20/32
Update step: 18
Action shape is  (64, 4096)
Action shape is  (64, 4096)
avg_reward_EXE -1.0006595849990845
avg_reward_MM 0.007725580595433712
Update step 19 completed
Saving checkpoint 19
[2026-06-28 15:47:55,112][root][INFO] - [process=0] Created OpTracker for checkpoint_manager_save with operation id 38
Starting Update step 20/32
Update step: 19
Action shape is  (64, 4096)
Action shape is  (64, 4096)
avg_reward_EXE -0.9565478563308716
avg_reward_MM 0.008507946506142616
Update step 20 completed
Saving checkpoint 20
[2026-06-28 15:48:16,745][root][INFO] - [process=0] Created OpTracker for checkpoint_manager_save with operation id 40
Starting Update step 21/32
Update step: 19
Action shape is  (64, 4096)
Action shape is  (64, 4096)
avg_reward_EXE -0.9565478563308716
avg_reward_MM 0.008507946506142616
Update step 20 completed
Saving checkpoint 20
[2026-06-28 15:48:17,445][root][INFO] - [process=0] Created OpTracker for checkpoint_manager_save with operation id 40
Starting Update step 21/32
Update step: 19
Action shape is  (64, 4096)
Action shape is  (64, 4096)
avg_reward_EXE -0.9565478563308716
avg_reward_MM 0.008507946506142616
Update step 20 completed
Saving checkpoint 20
[2026-06-28 15:48:19,138][root][INFO] - [process=0] Created OpTracker for checkpoint_manager_save with operation id 40
Starting Update step 21/32
Update step: 20
Action shape is  (64, 4096)
Action shape is  (64, 4096)
avg_reward_EXE -0.9484749436378479
avg_reward_MM 0.00894535705447197
Update step 21 completed
Saving checkpoint 21
[2026-06-28 15:48:40,115][root][INFO] - [process=0] Created OpTracker for checkpoint_manager_save with operation id 42
Starting Update step 22/32
Update step: 20
Action shape is  (64, 4096)
Action shape is  (64, 4096)
avg_reward_EXE -0.9484749436378479
avg_reward_MM 0.00894535705447197
Update step 21 completed
Saving checkpoint 21
[2026-06-28 15:48:40,967][root][INFO] - [process=0] Created OpTracker for checkpoint_manager_save with operation id 42
Starting Update step 22/32
Update step: 20
Action shape is  (64, 4096)
Action shape is  (64, 4096)
avg_reward_EXE -0.9484749436378479
avg_reward_MM 0.00894535705447197
Update step 21 completed
Saving checkpoint 21
[2026-06-28 15:48:42,810][root][INFO] - [process=0] Created OpTracker for checkpoint_manager_save with operation id 42
Starting Update step 22/32
Update step: 21
Action shape is  (64, 4096)
Action shape is  (64, 4096)
avg_reward_EXE -0.9935786128044128
avg_reward_MM 0.009448903612792492
Update step 22 completed
Saving checkpoint 22
[2026-06-28 15:49:04,098][root][INFO] - [process=0] Created OpTracker for checkpoint_manager_save with operation id 44
Starting Update step 23/32
Update step: 21
Action shape is  (64, 4096)
Action shape is  (64, 4096)
avg_reward_EXE -0.9935786128044128
avg_reward_MM 0.009448903612792492
Update step 22 completed
Saving checkpoint 22
[2026-06-28 15:49:04,960][root][INFO] - [process=0] Created OpTracker for checkpoint_manager_save with operation id 44
Starting Update step 23/32
Update step: 21
Action shape is  (64, 4096)
Action shape is  (64, 4096)
avg_reward_EXE -0.9935786128044128
avg_reward_MM 0.009448903612792492
Update step 22 completed
Saving checkpoint 22
[2026-06-28 15:49:06,854][root][INFO] - [process=0] Created OpTracker for checkpoint_manager_save with operation id 44
Starting Update step 23/32
Update step: 22
Action shape is  (64, 4096)
Action shape is  (64, 4096)
avg_reward_EXE -0.9867150187492371
avg_reward_MM 0.009036630392074585
Update step 23 completed
Saving checkpoint 23
[2026-06-28 15:49:27,716][root][INFO] - [process=0] Created OpTracker for checkpoint_manager_save with operation id 46
Starting Update step 24/32
Update step: 22
Action shape is  (64, 4096)
Action shape is  (64, 4096)
avg_reward_EXE -0.9867150187492371
avg_reward_MM 0.009036630392074585
Update step 23 completed
Saving checkpoint 23
[2026-06-28 15:49:28,662][root][INFO] - [process=0] Created OpTracker for checkpoint_manager_save with operation id 46
Starting Update step 24/32
Update step: 22
Action shape is  (64, 4096)
Action shape is  (64, 4096)
avg_reward_EXE -0.9867150187492371
avg_reward_MM 0.009036630392074585
Update step 23 completed
Saving checkpoint 23
[2026-06-28 15:49:30,514][root][INFO] - [process=0] Created OpTracker for checkpoint_manager_save with operation id 46
Starting Update step 24/32
Update step: 23
Action shape is  (64, 4096)
Action shape is  (64, 4096)
avg_reward_EXE -0.9740763902664185
avg_reward_MM 0.010316065512597561
Update step 24 completed
Saving checkpoint 24
[2026-06-28 15:49:51,413][root][INFO] - [process=0] Created OpTracker for checkpoint_manager_save with operation id 48
Starting Update step 25/32
Update step: 23
Action shape is  (64, 4096)
Action shape is  (64, 4096)
avg_reward_EXE -0.9740763902664185
avg_reward_MM 0.010316065512597561
Update step 24 completed
Saving checkpoint 24
[2026-06-28 15:49:52,364][root][INFO] - [process=0] Created OpTracker for checkpoint_manager_save with operation id 48
Starting Update step 25/32
Update step: 23
Action shape is  (64, 4096)
Action shape is  (64, 4096)
avg_reward_EXE -0.9740763902664185
avg_reward_MM 0.010316065512597561
Update step 24 completed
Saving checkpoint 24
[2026-06-28 15:49:54,255][root][INFO] - [process=0] Created OpTracker for checkpoint_manager_save with operation id 48
Starting Update step 25/32
Update step: 24
Action shape is  (64, 4096)
Action shape is  (64, 4096)
avg_reward_EXE -0.9084709286689758
avg_reward_MM 0.01023690216243267
Update step 25 completed
Saving checkpoint 25
[2026-06-28 15:50:15,365][root][INFO] - [process=0] Created OpTracker for checkpoint_manager_save with operation id 50
Starting Update step 26/32
Update step: 24
Action shape is  (64, 4096)
Action shape is  (64, 4096)
avg_reward_EXE -0.9084709286689758
avg_reward_MM 0.01023690216243267
Update step 25 completed
Saving checkpoint 25
[2026-06-28 15:50:16,339][root][INFO] - [process=0] Created OpTracker for checkpoint_manager_save with operation id 50
Starting Update step 26/32
Update step: 24
Action shape is  (64, 4096)
Action shape is  (64, 4096)
avg_reward_EXE -0.9084709286689758
avg_reward_MM 0.01023690216243267
Update step 25 completed
Saving checkpoint 25
[2026-06-28 15:50:18,251][root][INFO] - [process=0] Created OpTracker for checkpoint_manager_save with operation id 50
Starting Update step 26/32
Update step: 25
Action shape is  (64, 4096)
Action shape is  (64, 4096)
avg_reward_EXE -0.941078782081604
avg_reward_MM 0.010600864887237549
Update step 26 completed
Saving checkpoint 26
[2026-06-28 15:50:38,620][root][INFO] - [process=0] Created OpTracker for checkpoint_manager_save with operation id 52
Starting Update step 27/32
Update step: 25
Action shape is  (64, 4096)
Action shape is  (64, 4096)
avg_reward_EXE -0.941078782081604
avg_reward_MM 0.010600864887237549
Update step 26 completed
Saving checkpoint 26
[2026-06-28 15:50:39,789][root][INFO] - [process=0] Created OpTracker for checkpoint_manager_save with operation id 52
Starting Update step 27/32
Update step: 25
Action shape is  (64, 4096)
Action shape is  (64, 4096)
avg_reward_EXE -0.941078782081604
avg_reward_MM 0.010600864887237549
Update step 26 completed
Saving checkpoint 26
[2026-06-28 15:50:41,587][root][INFO] - [process=0] Created OpTracker for checkpoint_manager_save with operation id 52
Starting Update step 27/32
Update step: 26
Action shape is  (64, 4096)
Action shape is  (64, 4096)
avg_reward_EXE -0.9430940747261047
avg_reward_MM 0.010813560336828232
Update step 27 completed
Saving checkpoint 27
[2026-06-28 15:51:02,409][root][INFO] - [process=0] Created OpTracker for checkpoint_manager_save with operation id 54
Starting Update step 28/32
Update step: 26
Action shape is  (64, 4096)
Action shape is  (64, 4096)
avg_reward_EXE -0.9430940747261047
avg_reward_MM 0.010813560336828232
Update step 27 completed
Saving checkpoint 27
[2026-06-28 15:51:03,521][root][INFO] - [process=0] Created OpTracker for checkpoint_manager_save with operation id 54
Starting Update step 28/32
Update step: 26
Action shape is  (64, 4096)
Action shape is  (64, 4096)
avg_reward_EXE -0.9430940747261047
avg_reward_MM 0.010813560336828232
Update step 27 completed
Saving checkpoint 27
[2026-06-28 15:51:05,365][root][INFO] - [process=0] Created OpTracker for checkpoint_manager_save with operation id 54
Starting Update step 28/32
Update step: 27
Action shape is  (64, 4096)
Action shape is  (64, 4096)
avg_reward_EXE -0.948825478553772
avg_reward_MM 0.011195588856935501
Update step 28 completed
Saving checkpoint 28
[2026-06-28 15:51:26,042][root][INFO] - [process=0] Created OpTracker for checkpoint_manager_save with operation id 56
Starting Update step 29/32
Update step: 27
Action shape is  (64, 4096)
Action shape is  (64, 4096)
avg_reward_EXE -0.948825478553772
avg_reward_MM 0.011195588856935501
Update step 28 completed
Saving checkpoint 28
[2026-06-28 15:51:27,206][root][INFO] - [process=0] Created OpTracker for checkpoint_manager_save with operation id 56
Starting Update step 29/32
Update step: 27
Action shape is  (64, 4096)
Action shape is  (64, 4096)
avg_reward_EXE -0.948825478553772
avg_reward_MM 0.011195588856935501
Update step 28 completed
Saving checkpoint 28
[2026-06-28 15:51:29,023][root][INFO] - [process=0] Created OpTracker for checkpoint_manager_save with operation id 56
Starting Update step 29/32
Update step: 28
Action shape is  (64, 4096)
Action shape is  (64, 4096)
avg_reward_EXE -0.9723169803619385
avg_reward_MM 0.011202225461602211
Update step 29 completed
Saving checkpoint 29
[2026-06-28 15:51:49,886][root][INFO] - [process=0] Created OpTracker for checkpoint_manager_save with operation id 58
Starting Update step 30/32
Update step: 28
Action shape is  (64, 4096)
Action shape is  (64, 4096)
avg_reward_EXE -0.9723169803619385
avg_reward_MM 0.011202225461602211
Update step 29 completed
Saving checkpoint 29
[2026-06-28 15:51:51,075][root][INFO] - [process=0] Created OpTracker for checkpoint_manager_save with operation id 58
Starting Update step 30/32
Update step: 28
Action shape is  (64, 4096)
Action shape is  (64, 4096)
avg_reward_EXE -0.9723169803619385
avg_reward_MM 0.011202225461602211
Update step 29 completed
Saving checkpoint 29
[2026-06-28 15:51:52,935][root][INFO] - [process=0] Created OpTracker for checkpoint_manager_save with operation id 58
Starting Update step 30/32
Update step: 29
Action shape is  (64, 4096)
Action shape is  (64, 4096)
avg_reward_EXE -0.9229459762573242
avg_reward_MM 0.010870122350752354
Update step 30 completed
Saving checkpoint 30
[2026-06-28 15:52:13,921][root][INFO] - [process=0] Created OpTracker for checkpoint_manager_save with operation id 60
Starting Update step 31/32
Update step: 29
Action shape is  (64, 4096)
Action shape is  (64, 4096)
avg_reward_EXE -0.9229459762573242
avg_reward_MM 0.010870122350752354
Update step 30 completed
Saving checkpoint 30
[2026-06-28 15:52:15,140][root][INFO] - [process=0] Created OpTracker for checkpoint_manager_save with operation id 60
Starting Update step 31/32
Update step: 29
Action shape is  (64, 4096)
Action shape is  (64, 4096)
avg_reward_EXE -0.9229459762573242
avg_reward_MM 0.010870122350752354
Update step 30 completed
Saving checkpoint 30
[2026-06-28 15:52:17,070][root][INFO] - [process=0] Created OpTracker for checkpoint_manager_save with operation id 60
Starting Update step 31/32
Update step: 30
Action shape is  (64, 4096)
Action shape is  (64, 4096)
avg_reward_EXE -1.032018780708313
avg_reward_MM 0.011662567034363747
Update step 31 completed
Saving checkpoint 31
[2026-06-28 15:52:38,437][root][INFO] - [process=0] Created OpTracker for checkpoint_manager_save with operation id 62
Starting Update step 32/32
Update step: 30
Action shape is  (64, 4096)
Action shape is  (64, 4096)
avg_reward_EXE -1.032018780708313
avg_reward_MM 0.011662567034363747
Update step 31 completed
Saving checkpoint 31
[2026-06-28 15:52:39,757][root][INFO] - [process=0] Created OpTracker for checkpoint_manager_save with operation id 62
Starting Update step 32/32
Update step: 30
Action shape is  (64, 4096)
Action shape is  (64, 4096)
avg_reward_EXE -1.032018780708313
avg_reward_MM 0.011662567034363747
Update step 31 completed
Saving checkpoint 31
[2026-06-28 15:52:41,813][root][INFO] - [process=0] Created OpTracker for checkpoint_manager_save with operation id 62
Starting Update step 32/32
Update step: 31
Action shape is  (64, 4096)
Action shape is  (64, 4096)
avg_reward_EXE -0.9919957518577576
avg_reward_MM 0.011837730184197426
Update step 32 completed
Saving checkpoint 32
[2026-06-28 15:53:01,861][root][INFO] - [process=0] Created OpTracker for checkpoint_manager_save with operation id 64
Total steps: 8388608
Elapsed time: 822.3084590435028 seconds
Steps per second: 10201.291142933767
Agents per type: [1, 1]
Num data messages: None
Num envs: 4096
Update step: 31
Action shape is  (64, 4096)
Action shape is  (64, 4096)
avg_reward_EXE -0.9919957518577576
avg_reward_MM 0.011837730184197426
Update step 32 completed
Saving checkpoint 32
[2026-06-28 15:53:03,271][root][INFO] - [process=0] Created OpTracker for checkpoint_manager_save with operation id 64
Total steps: 8388608
Elapsed time: 823.7171311378479 seconds
Steps per second: 10183.845500957754
Agents per type: [1, 1]
Num data messages: None
Num envs: 4096
Update step: 31
Action shape is  (64, 4096)
Action shape is  (64, 4096)
avg_reward_EXE -0.9919957518577576
avg_reward_MM 0.011837730184197426
Update step 32 completed
Saving checkpoint 32
[2026-06-28 15:53:05,290][root][INFO] - [process=0] Created OpTracker for checkpoint_manager_save with operation id 64
Total steps: 8388608
Elapsed time: 825.8290779590607 seconds
Steps per second: 10157.801685466751
Agents per type: [1, 1]
Num data messages: None
Num envs: 4096
