REPO_ROOT=/home/adong/JaxMARL-HFT
DATA_ROOT=/home/adong/JaxMARL-HFT/data
VENV_DIR=/home/adong/JaxMARL-HFT/.venv
CACHE_ROOT=/home/adong/JaxMARL-HFT/.cache
LOG_DIR=/home/adong/JaxMARL-HFT/slurm_logs
RUN_ROOT=/home/adong/JaxMARL-HFT/runs
SOFTWARE_STACK=AUTO
PYTHON_MODULE=Python/3.12.3-GCCcore-13.3.0
WANDB_ENTITY_DEFAULT=ark-dong-university-of-amsterdam
Using software stack: 2024
Using Python module: Python/3.12.3-GCCcore-13.3.0
Python 3.12.3
RUN_ID=h100x4_4096_8388608_24270548
JOB_ID=24270548
NODE=gcn108.local.snellius.surf.nl
STARTED=2026-06-28T16:21:08+02:00
REPO_ROOT=/home/adong/JaxMARL-HFT
DATA_ROOT=/home/adong/JaxMARL-HFT/data
LOBSTER_DIR=/home/adong/JaxMARL-HFT/data/rawLOBSTER/AMZN/train
EXP_FILE=snellius_scripts/experiments/h100x4_4096_8388608.env
CUDA_VISIBLE_DEVICES=0,1,2,3
SLURM_GPUS=4
SLURM_CPUS_PER_TASK=64
============================================================
JaxMARL-HFT training job
============================================================
Run ID:             h100x4_4096_8388608_24270548
Job ID:             24270548
Node:               gcn108.local.snellius.surf.nl
Started:            2026-06-28T16:21:08+02:00
Repo:               /home/adong/JaxMARL-HFT
Data root:          /home/adong/JaxMARL-HFT/data
LOBSTER dir:        /home/adong/JaxMARL-HFT/data/rawLOBSTER/AMZN/train
Stock/period:       AMZN / train
Train script:       gymnax_exchange/jaxrl/MARL/ippo_rnn_JAXMARL.py
Hydra config:       ippo_rnn_JAXMARL_2player
NUM_ENVS:           4096
NUM_STEPS:          64
TOTAL_TIMESTEPS:    8388608
Expected updates:   32
N_DEVICES:          4
WandB mode/project: online / Thesis
Run dir:            /home/adong/JaxMARL-HFT/runs/h100x4_4096_8388608_24270548
CUDA_VISIBLE_DEVICES=0,1,2,3
============================================================
Sun Jun 28 16:21:08 2026       
+-----------------------------------------------------------------------------------------+
| NVIDIA-SMI 595.71.05              Driver Version: 595.71.05      CUDA Version: 13.2     |
+-----------------------------------------+------------------------+----------------------+
| GPU  Name                 Persistence-M | Bus-Id          Disp.A | Volatile Uncorr. ECC |
| Fan  Temp   Perf          Pwr:Usage/Cap |           Memory-Usage | GPU-Util  Compute M. |
|                                         |                        |               MIG M. |
|=========================================+========================+======================|
|   0  NVIDIA H100                    On  |   00000000:06:00.0 Off |                    0 |
| N/A   32C    P0             66W /  700W |       0MiB /  95830MiB |      0%      Default |
|                                         |                        |             Disabled |
+-----------------------------------------+------------------------+----------------------+
|   1  NVIDIA H100                    On  |   00000000:26:00.0 Off |                    0 |
| N/A   33C    P0             67W /  700W |       0MiB /  95830MiB |      0%      Default |
|                                         |                        |             Disabled |
+-----------------------------------------+------------------------+----------------------+
|   2  NVIDIA H100                    On  |   00000000:A6:00.0 Off |                    0 |
| N/A   33C    P0             65W /  700W |       0MiB /  95830MiB |      0%      Default |
|                                         |                        |             Disabled |
+-----------------------------------------+------------------------+----------------------+
|   3  NVIDIA H100                    On  |   00000000:C6:00.0 Off |                    0 |
| N/A   33C    P0             69W /  700W |       0MiB /  95830MiB |      0%      Default |
|                                         |                        |             Disabled |
+-----------------------------------------+------------------------+----------------------+

+-----------------------------------------------------------------------------------------+
| Processes:                                                                              |
|  GPU   GI   CI              PID   Type   Process name                        GPU Memory |
|        ID   ID                                                               Usage      |
|=========================================================================================|
|  No running processes found                                                             |
+-----------------------------------------------------------------------------------------+
CUDA_VISIBLE_DEVICES: 0,1,2,3
JAX version: 0.10.2
JAX devices: [CudaDevice(id=0), CudaDevice(id=1), CudaDevice(id=2), CudaDevice(id=3)]
JAX local device count: 4
OK: JAX can see 4 GPU(s)
/gpfs/home4/adong/JaxMARL-HFT
Num Jax Devices: 4 Device List: [CudaDevice(id=0), CudaDevice(id=1), CudaDevice(id=2), CudaDevice(id=3)]
Num Jax Devices: 4 Device List: [CudaDevice(id=0), CudaDevice(id=1), CudaDevice(id=2), CudaDevice(id=3)]
Loading the env config from file 
	config/env_configs/2_player_fq_fqc.json 
********* DEBUG ********** 
 Loaded env_config:  MultiAgentConfig(world_config=World_EnvironmentConfig(maxint=2147483647, init_id=-2, book_depth=10, cancel_mode=1, type_4_interpretation=0, seed=42, nTrades=100, nOrders=100, simulator_mode=0, empty_slot_val=-1, debug_mode=False, check_book_fill=True, start_resolution=64, alphatradePath='/gpfs/home4/adong/JaxMARL-HFT', dataPath='/gpfs/home4/adong/JaxMARL-HFT/data', stock='AMZN', timePeriod='train', n_data_msg_per_step=100, window_selector=-1, ep_type='fixed_steps', episode_time=64, day_start=34200, day_end=57600, tick_size=100, trader_id_range_start=-100, placeholder_order_id=-198, artificial_trader_id_end_episode=-199, artificial_order_id_end_episode=-199, any_message_obs_space=False, order_id_counter_start_when_resetting=-200, shuffle_action_messages=True, use_pickles_for_init=True, save_raw_observations=False), dict_of_agents_configs={'MarketMaking': MarketMaking_EnvironmentConfig(debug_mode=False, short_name='MM', normalize=True, clip_reward=False, exclude_extreme_spreads=False, fixed_action_setting=False, fixed_action=0, simple_nothing_action=True, sell_buy_all_option=False, based_on_mid_price_of_action=True, tenth_action='MarketOrder', bob_v0=1, action_space='fixed_quants', observation_space='basic', reward_function='spooner_asym_damped2', spread_multiplier=3.0, skew_multiplier=5.0, n_ticks_offset=1, fixed_quant_value=1, auto_liquidate_threshold=0, auto_liquidate_alpha=1.0, unwind_price_penalty=0, inv_penalty='none', volume_traded_bonus='none', reference_price='mid', unwind_price='mid', inv_penalty_lambda=1.0, inv_penalty_quadratic_factor=50.0, inv_penalty_threshold=10.0, multiplier_type='tick', reward_scaling_quo=10.0, inventoryPnL_eta=0.6, inventoryPnL_gamma=0.1, rebate_bps=0.4, unrealizedPnL_lambda=0.1, avst_k_parameter=0.61, avst_var_parameter=280, time_delay_obs_act=0, n_actions=10, num_messages_by_agent=4, num_action_messages_by_agent=2), 'Execution': Execution_EnvironmentConfig(debug_mode=False, larger_far_touch_quant=False, normalize=True, short_name='EXE', action_type='pure', task='random', action_space='fixed_quants_complex', observation_space='engineered', reward_function='normal', task_size=600, n_ticks_in_book=1, fixed_quant_value=10, reward_lambda=0.1, reward_scaling_quo=10.0, doom_price_penalty=3, reference_price='far_touch', time_delay_obs_act=0, n_actions=13, num_messages_by_agent=8, num_action_messages_by_agent=4)}, number_of_agents_per_type=[1, 1])
Note: The sweep parameters in yaml will override these settings.
Create sweep with ID: 4zi46yxz
Sweep URL: https://wandb.ai/ark-dong-university-of-amsterdam/Thesis/sweeps/4zi46yxz
The sweep ID is:  4zi46yxz
Final check: the wandb.config object used in this run is 
 	 {'LR': [0.00025, 0.00025], 'NUM_ENVS': 4096, 'NUM_STEPS': 64, 'NUM_STEPS_EVAL': 64, 'GRU_HIDDEN_DIM': 256, 'FC_DIM_SIZE': 256, 'TOTAL_TIMESTEPS': 8388608, 'UPDATE_EPOCHS': 4, 'NUM_MINIBATCHES': 4, 'GAMMA': [0.999999999, 0.999], 'GAE_LAMBDA': [0.85, 0.9], 'CLIP_EPS': 0.2, 'SCALE_CLIP_EPS': [False, False], 'ENT_COEF': [0.01, 0.01], 'VF_COEF': [0.5, 0.5], 'MAX_GRAD_NORM': [0.5, 0.5], 'ACTIVATION': ['relu', 'relu'], 'ENV_NAME': 'JAXMARL-Lob-v0', 'NUM_AGENTS_PER_TYPE': [1, 1], 'N_DEVICES': 4, 'ENV_CONFIG': 'config/env_configs/2_player_fq_fqc.json', 'ANNEAL_LR': [True, True], 'ENTITY': 'ark-dong-university-of-amsterdam', 'PROJECT': 'Thesis', 'WANDB_MODE': 'online', 'CALC_EVAL': False, 'TimePeriod': 'train', 'EvalTimePeriod': 'train', 'Calculate Baseline': False, 'Timing': True, 'SWEEP_PARAMETERS': {'SEED': {'values': [42]}, 'AGENT_CONFIGS': {'parameters': {'MarketMaking': {'parameters': {'inv_penalty': {'values': ['none']}}}, 'Execution': {'parameters': {'reward_lambda': {'values': [0.1]}}}}}}, 'world_config': {'n_data_msg_per_step': 100, 'simulator_mode': 0, 'start_resolution': 64, 'ep_type': 'fixed_steps', 'trader_id_range_start': -100, 'day_start': 34200, 'cancel_mode': 1, 'use_pickles_for_init': True, 'day_end': 57600, 'check_book_fill': True, 'any_message_obs_space': False, 'alphatradePath': '/gpfs/home4/adong/JaxMARL-HFT', 'seed': 42, 'debug_mode': False, 'artificial_trader_id_end_episode': -199, 'shuffle_action_messages': True, 'nTrades': 100, 'nOrders': 100, 'placeholder_order_id': -198, 'stock': 'AMZN', 'episode_time': 64, 'book_depth': 10, 'save_raw_observations': False, 'window_selector': -1, 'timePeriod': 'train', 'order_id_counter_start_when_resetting': -200, 'dataPath': '/gpfs/home4/adong/JaxMARL-HFT/data', 'empty_slot_val': -1, 'maxint': 2147483647, 'type_4_interpretation': 0, 'tick_size': 100, 'init_id': -2, 'artificial_order_id_end_episode': -199}, 'dict_of_agents_configs': {'MarketMaking': {'volume_traded_bonus': 'none', 'sell_buy_all_option': False, 'based_on_mid_price_of_action': True, 'tenth_action': 'MarketOrder', 'skew_multiplier': 5, 'n_ticks_offset': 1, 'inv_penalty': 'none', 'auto_liquidate_threshold': 0, 'simple_nothing_action': True, 'auto_liquidate_alpha': 1, 'clip_reward': False, 'fixed_quant_value': 1, 'inv_penalty_threshold': 10, 'fixed_action': 0, 'inv_penalty_lambda': 1, 'exclude_extreme_spreads': False, 'reward_scaling_quo': 10, 'observation_space': 'basic', 'num_action_messages_by_agent': 2, 'multiplier_type': 'tick', 'inventoryPnL_gamma': 0.1, 'inv_penalty_quadratic_factor': 50, 'unrealizedPnL_lambda': 0.1, 'inventoryPnL_eta': 0.6, 'unwind_price': 'mid', 'num_messages_by_agent': 4, 'action_space': 'fixed_quants', 'normalize': True, 'short_name': 'MM', 'fixed_action_setting': False, 'avst_k_parameter': 0.61, 'reward_function': 'spooner_asym_damped2', 'time_delay_obs_act': 0, 'bob_v0': 1, 'spread_multiplier': 3, 'rebate_bps': 0.4, 'reference_price': 'mid', 'avst_var_parameter': 280, 'n_actions': 10, 'unwind_price_penalty': 0, 'debug_mode': False}, 'Execution': {'doom_price_penalty': 3, 'reward_lambda': 0.1, 'time_delay_obs_act': 0, 'reference_price': 'far_touch', 'n_actions': 13, 'action_type': 'pure', 'num_action_messages_by_agent': 4, 'normalize': True, 'fixed_quant_value': 10, 'larger_far_touch_quant': False, 'task_size': 600, 'observation_space': 'engineered', 'n_ticks_in_book': 1, 'reward_function': 'normal', 'num_messages_by_agent': 8, 'action_space': 'fixed_quants_complex', 'debug_mode': False, 'reward_scaling_quo': 10, 'short_name': 'EXE', 'task': 'random'}}, 'number_of_agents_per_type': [1, 1], 'AGENT_CONFIGS': {'Execution': {'reward_lambda': 0.1}, 'MarketMaking': {'inv_penalty': 'none'}}, 'SEED': 42}
Overriding the Agent config objects with the variable from the sweep parameters.
The training environment config, after copying of sweep parameters is 
	  MultiAgentConfig(world_config=World_EnvironmentConfig(maxint=2147483647, init_id=-2, book_depth=10, cancel_mode=1, type_4_interpretation=0, seed=42, nTrades=100, nOrders=100, simulator_mode=0, empty_slot_val=-1, debug_mode=False, check_book_fill=True, start_resolution=64, alphatradePath='/gpfs/home4/adong/JaxMARL-HFT', dataPath='/gpfs/home4/adong/JaxMARL-HFT/data', stock='AMZN', timePeriod='train', n_data_msg_per_step=100, window_selector=-1, ep_type='fixed_steps', episode_time=64, day_start=34200, day_end=57600, tick_size=100, trader_id_range_start=-100, placeholder_order_id=-198, artificial_trader_id_end_episode=-199, artificial_order_id_end_episode=-199, any_message_obs_space=False, order_id_counter_start_when_resetting=-200, shuffle_action_messages=True, use_pickles_for_init=True, save_raw_observations=False), dict_of_agents_configs={'Execution': Execution_EnvironmentConfig(debug_mode=False, larger_far_touch_quant=False, normalize=True, short_name='EXE', action_type='pure', task='random', action_space='fixed_quants_complex', observation_space='engineered', reward_function='normal', task_size=600, n_ticks_in_book=1, fixed_quant_value=10, reward_lambda=0.1, reward_scaling_quo=10, doom_price_penalty=3, reference_price='far_touch', time_delay_obs_act=0, n_actions=13, num_messages_by_agent=8, num_action_messages_by_agent=4), 'MarketMaking': MarketMaking_EnvironmentConfig(debug_mode=False, short_name='MM', normalize=True, clip_reward=False, exclude_extreme_spreads=False, fixed_action_setting=False, fixed_action=0, simple_nothing_action=True, sell_buy_all_option=False, based_on_mid_price_of_action=True, tenth_action='MarketOrder', bob_v0=1, action_space='fixed_quants', observation_space='basic', reward_function='spooner_asym_damped2', spread_multiplier=3, skew_multiplier=5, n_ticks_offset=1, fixed_quant_value=1, auto_liquidate_threshold=0, auto_liquidate_alpha=1, unwind_price_penalty=0, inv_penalty='none', volume_traded_bonus='none', reference_price='mid', unwind_price='mid', inv_penalty_lambda=1, inv_penalty_quadratic_factor=50, inv_penalty_threshold=10, multiplier_type='tick', reward_scaling_quo=10, inventoryPnL_eta=0.6, inventoryPnL_gamma=0.1, rebate_bps=0.4, unrealizedPnL_lambda=0.1, avst_k_parameter=0.61, avst_var_parameter=280, time_delay_obs_act=0, n_actions=10, num_messages_by_agent=4, num_action_messages_by_agent=2)}, number_of_agents_per_type=[1, 1])
LoadLOBSTER_resample __init__: The datapaths considered are ['/gpfs/home4/adong/JaxMARL-HFT/data/rawLOBSTER/AMZN/train/']
LoadLOBSTER_resample __init__: Found 74 message files
LoadLOBSTER_resample __init__: Found 74 book files
LoadLOBSTER_resample run_loading: loading cached arrays from /gpfs/home4/adong/JaxMARL-HFT/saved_npz/loaded_lobster_LoadLOBSTER_resample_AMZN_train_10_fixed_steps_64_64_100_34200_57600.npz
BaseLOBEnv _init_states:  pre-reset in the initialization
BaseLOBEnv _init_states: pre-reset will be saved to or loaded from 
	/gpfs/home4/adong/JaxMARL-HFT/pre_reset_states/ResetStates_BaseLOBEnv_AMZN_train_10_fixed_steps_64_64_100_34200_57600.pkl
BaseLOBEnv _init_states: initial states have been loaded successfully
BaseLOBEnv _init_states: All initial reset states are ready.
Multi-device: 4 device(s) detected, sharding 4096 envs across them
[2026-06-28 16:21:56,518][root][INFO] - [process=0] Created OpTracker for checkpoint_manager_save with operation id 1
Saving checkpoints to directory: 
 	 /gpfs/home4/adong/JaxMARL-HFT/checkpoints/MARLCheckpoints/Thesis/ethereal-sweep-1
Starting Update step 1/32
Finished compiling
Update step: 0
Action shape is  (64, 4096)
Action shape is  (64, 4096)
avg_reward_EXE -0.7939316034317017
avg_reward_MM -0.0066683655604720116
Update step 1 completed
Param sharding: NamedSharding(mesh=Mesh('batch': 4, axis_types=(Auto,)), spec=P(), memory_kind=device)
Obs sharding: NamedSharding(mesh=Mesh('batch': 4, axis_types=(Auto,)), spec=P('batch',), memory_kind=device)
Saving checkpoint 1
[2026-06-28 16:22:25,470][root][INFO] - [process=0] Created OpTracker for checkpoint_manager_save with operation id 2
Starting Update step 2/32
Finished compiling
Update step: 1
Action shape is  (64, 4096)
Action shape is  (64, 4096)
avg_reward_EXE -0.7996584177017212
avg_reward_MM -0.006522674113512039
Update step 2 completed
Saving checkpoint 2
[2026-06-28 16:22:54,003][root][INFO] - [process=0] Created OpTracker for checkpoint_manager_save with operation id 4
Starting Update step 3/32
Update step: 2
Action shape is  (64, 4096)
Action shape is  (64, 4096)
avg_reward_EXE -0.7734163403511047
avg_reward_MM -0.005942844785749912
Update step 3 completed
Saving checkpoint 3
[2026-06-28 16:23:08,219][root][INFO] - [process=0] Created OpTracker for checkpoint_manager_save with operation id 6
Starting Update step 4/32
Update step: 3
Action shape is  (64, 4096)
Action shape is  (64, 4096)
avg_reward_EXE -0.8363567590713501
avg_reward_MM -0.006227967329323292
Update step 4 completed
Saving checkpoint 4
[2026-06-28 16:23:22,311][root][INFO] - [process=0] Created OpTracker for checkpoint_manager_save with operation id 8
Starting Update step 5/32
Update step: 4
Action shape is  (64, 4096)
Action shape is  (64, 4096)
avg_reward_EXE -0.9032841920852661
avg_reward_MM -0.006181264761835337
Update step 5 completed
Saving checkpoint 5
[2026-06-28 16:23:37,714][root][INFO] - [process=0] Created OpTracker for checkpoint_manager_save with operation id 10
Starting Update step 6/32
Update step: 5
Action shape is  (64, 4096)
Action shape is  (64, 4096)
avg_reward_EXE -0.9460747241973877
avg_reward_MM -0.006002434529364109
Update step 6 completed
Saving checkpoint 6
[2026-06-28 16:23:53,096][root][INFO] - [process=0] Created OpTracker for checkpoint_manager_save with operation id 12
Starting Update step 7/32
Update step: 6
Action shape is  (64, 4096)
Action shape is  (64, 4096)
avg_reward_EXE -1.0052719116210938
avg_reward_MM -0.005015983246266842
Update step 7 completed
Saving checkpoint 7
[2026-06-28 16:24:08,578][root][INFO] - [process=0] Created OpTracker for checkpoint_manager_save with operation id 14
Starting Update step 8/32
Update step: 7
Action shape is  (64, 4096)
Action shape is  (64, 4096)
avg_reward_EXE -1.098339319229126
avg_reward_MM -0.003215489676222205
Update step 8 completed
Saving checkpoint 8
[2026-06-28 16:24:23,668][root][INFO] - [process=0] Created OpTracker for checkpoint_manager_save with operation id 16
Starting Update step 9/32
Update step: 8
Action shape is  (64, 4096)
Action shape is  (64, 4096)
avg_reward_EXE -1.0386769771575928
avg_reward_MM -0.0019044546643272042
Update step 9 completed
Saving checkpoint 9
[2026-06-28 16:24:39,134][root][INFO] - [process=0] Created OpTracker for checkpoint_manager_save with operation id 18
Starting Update step 10/32
Update step: 9
Action shape is  (64, 4096)
Action shape is  (64, 4096)
avg_reward_EXE -1.0013554096221924
avg_reward_MM -0.0005505525041371584
Update step 10 completed
Saving checkpoint 10
[2026-06-28 16:24:54,778][root][INFO] - [process=0] Created OpTracker for checkpoint_manager_save with operation id 20
Starting Update step 11/32
Update step: 10
Action shape is  (64, 4096)
Action shape is  (64, 4096)
avg_reward_EXE -0.9793655872344971
avg_reward_MM 5.657802103087306e-05
Update step 11 completed
Saving checkpoint 11
[2026-06-28 16:25:09,920][root][INFO] - [process=0] Created OpTracker for checkpoint_manager_save with operation id 22
Starting Update step 12/32
Update step: 11
Action shape is  (64, 4096)
Action shape is  (64, 4096)
avg_reward_EXE -0.9819803237915039
avg_reward_MM 0.0009218913037329912
Update step 12 completed
Saving checkpoint 12
[2026-06-28 16:25:25,566][root][INFO] - [process=0] Created OpTracker for checkpoint_manager_save with operation id 24
Starting Update step 13/32
Update step: 12
Action shape is  (64, 4096)
Action shape is  (64, 4096)
avg_reward_EXE -0.9779953956604004
avg_reward_MM 0.0015859161503612995
Update step 13 completed
Saving checkpoint 13
[2026-06-28 16:25:41,185][root][INFO] - [process=0] Created OpTracker for checkpoint_manager_save with operation id 26
Starting Update step 14/32
Update step: 13
Action shape is  (64, 4096)
Action shape is  (64, 4096)
avg_reward_EXE -0.9542975425720215
avg_reward_MM 0.0027444162406027317
Update step 14 completed
Saving checkpoint 14
[2026-06-28 16:25:56,759][root][INFO] - [process=0] Created OpTracker for checkpoint_manager_save with operation id 28
Starting Update step 15/32
Update step: 14
Action shape is  (64, 4096)
Action shape is  (64, 4096)
avg_reward_EXE -0.985491156578064
avg_reward_MM 0.004436772782355547
Update step 15 completed
Saving checkpoint 15
[2026-06-28 16:26:12,026][root][INFO] - [process=0] Created OpTracker for checkpoint_manager_save with operation id 30
Starting Update step 16/32
Update step: 15
Action shape is  (64, 4096)
Action shape is  (64, 4096)
avg_reward_EXE -0.9810734391212463
avg_reward_MM 0.005125357769429684
Update step 16 completed
Saving checkpoint 16
[2026-06-28 16:26:27,216][root][INFO] - [process=0] Created OpTracker for checkpoint_manager_save with operation id 32
Starting Update step 17/32
Update step: 16
Action shape is  (64, 4096)
Action shape is  (64, 4096)
avg_reward_EXE -0.9351949691772461
avg_reward_MM 0.006800860166549683
Update step 17 completed
Saving checkpoint 17
[2026-06-28 16:26:42,658][root][INFO] - [process=0] Created OpTracker for checkpoint_manager_save with operation id 34
Starting Update step 18/32
Update step: 17
Action shape is  (64, 4096)
Action shape is  (64, 4096)
avg_reward_EXE -0.9058887958526611
avg_reward_MM 0.007533647119998932
Update step 18 completed
Saving checkpoint 18
[2026-06-28 16:26:58,215][root][INFO] - [process=0] Created OpTracker for checkpoint_manager_save with operation id 36
Starting Update step 19/32
Update step: 18
Action shape is  (64, 4096)
Action shape is  (64, 4096)
avg_reward_EXE -0.9618690609931946
avg_reward_MM 0.007678536232560873
Update step 19 completed
Saving checkpoint 19
[2026-06-28 16:27:13,515][root][INFO] - [process=0] Created OpTracker for checkpoint_manager_save with operation id 38
Starting Update step 20/32
Update step: 19
Action shape is  (64, 4096)
Action shape is  (64, 4096)
avg_reward_EXE -0.9363343119621277
avg_reward_MM 0.008473437279462814
Update step 20 completed
Saving checkpoint 20
[2026-06-28 16:27:28,974][root][INFO] - [process=0] Created OpTracker for checkpoint_manager_save with operation id 40
Starting Update step 21/32
Update step: 20
Action shape is  (64, 4096)
Action shape is  (64, 4096)
avg_reward_EXE -0.933539628982544
avg_reward_MM 0.008952980861067772
Update step 21 completed
Saving checkpoint 21
[2026-06-28 16:27:43,989][root][INFO] - [process=0] Created OpTracker for checkpoint_manager_save with operation id 42
Starting Update step 22/32
Update step: 21
Action shape is  (64, 4096)
Action shape is  (64, 4096)
avg_reward_EXE -0.9876947402954102
avg_reward_MM 0.0093610230833292
Update step 22 completed
Saving checkpoint 22
[2026-06-28 16:27:59,331][root][INFO] - [process=0] Created OpTracker for checkpoint_manager_save with operation id 44
Starting Update step 23/32
Update step: 22
Action shape is  (64, 4096)
Action shape is  (64, 4096)
avg_reward_EXE -0.9855825901031494
avg_reward_MM 0.008966908790171146
Update step 23 completed
Saving checkpoint 23
[2026-06-28 16:28:14,842][root][INFO] - [process=0] Created OpTracker for checkpoint_manager_save with operation id 46
Starting Update step 24/32
Update step: 23
Action shape is  (64, 4096)
Action shape is  (64, 4096)
avg_reward_EXE -0.9764001369476318
avg_reward_MM 0.010307341814041138
Update step 24 completed
Saving checkpoint 24
[2026-06-28 16:28:30,072][root][INFO] - [process=0] Created OpTracker for checkpoint_manager_save with operation id 48
Starting Update step 25/32
Update step: 24
Action shape is  (64, 4096)
Action shape is  (64, 4096)
avg_reward_EXE -0.9067651629447937
avg_reward_MM 0.010201768949627876
Update step 25 completed
Saving checkpoint 25
[2026-06-28 16:28:45,630][root][INFO] - [process=0] Created OpTracker for checkpoint_manager_save with operation id 50
Starting Update step 26/32
Update step: 25
Action shape is  (64, 4096)
Action shape is  (64, 4096)
avg_reward_EXE -0.9342793226242065
avg_reward_MM 0.01059765461832285
Update step 26 completed
Saving checkpoint 26
[2026-06-28 16:29:00,642][root][INFO] - [process=0] Created OpTracker for checkpoint_manager_save with operation id 52
Starting Update step 27/32
Update step: 26
Action shape is  (64, 4096)
Action shape is  (64, 4096)
avg_reward_EXE -0.9374514222145081
avg_reward_MM 0.010814545676112175
Update step 27 completed
Saving checkpoint 27
[2026-06-28 16:29:16,083][root][INFO] - [process=0] Created OpTracker for checkpoint_manager_save with operation id 54
Starting Update step 28/32
Update step: 27
Action shape is  (64, 4096)
Action shape is  (64, 4096)
avg_reward_EXE -0.9450247287750244
avg_reward_MM 0.01130039431154728
Update step 28 completed
Saving checkpoint 28
[2026-06-28 16:29:31,468][root][INFO] - [process=0] Created OpTracker for checkpoint_manager_save with operation id 56
Starting Update step 29/32
Update step: 28
Action shape is  (64, 4096)
Action shape is  (64, 4096)
avg_reward_EXE -0.9700868129730225
avg_reward_MM 0.011187911033630371
Update step 29 completed
Saving checkpoint 29
[2026-06-28 16:29:46,858][root][INFO] - [process=0] Created OpTracker for checkpoint_manager_save with operation id 58
Starting Update step 30/32
Update step: 29
Action shape is  (64, 4096)
Action shape is  (64, 4096)
avg_reward_EXE -0.9248932003974915
avg_reward_MM 0.010920722037553787
Update step 30 completed
Saving checkpoint 30
[2026-06-28 16:30:02,026][root][INFO] - [process=0] Created OpTracker for checkpoint_manager_save with operation id 60
Starting Update step 31/32
Update step: 30
Action shape is  (64, 4096)
Action shape is  (64, 4096)
avg_reward_EXE -1.0247573852539062
avg_reward_MM 0.011697676032781601
Update step 31 completed
Saving checkpoint 31
[2026-06-28 16:30:17,553][root][INFO] - [process=0] Created OpTracker for checkpoint_manager_save with operation id 62
Starting Update step 32/32
Update step: 31
Action shape is  (64, 4096)
Action shape is  (64, 4096)
avg_reward_EXE -0.9826393127441406
avg_reward_MM 0.01200942788273096
Update step 32 completed
Saving checkpoint 32
[2026-06-28 16:30:32,774][root][INFO] - [process=0] Created OpTracker for checkpoint_manager_save with operation id 64
Total steps: 8388608
Elapsed time: 549.0845611095428 seconds
Steps per second: 15277.44284605093
Agents per type: [1, 1]
Num data messages: None
Num envs: 4096
Finished: 2026-06-28T16:30:46+02:00
