REPO_ROOT=/home/adong/JaxMARL-HFT
DATA_ROOT=/home/adong/JaxMARL-HFT/data
VENV_DIR=/home/adong/JaxMARL-HFT/.venv
CACHE_ROOT=/home/adong/JaxMARL-HFT/.cache
LOG_DIR=/home/adong/JaxMARL-HFT/slurm_logs
RUN_ROOT=/home/adong/JaxMARL-HFT/runs
SOFTWARE_STACK=AUTO
PYTHON_MODULE=Python/3.12.3-GCCcore-13.3.0
WANDB_ENTITY_DEFAULT=ark-dong-university-of-amsterdam
Using software stack: 2024
Using Python module: Python/3.12.3-GCCcore-13.3.0
Python 3.12.3
RUN_ID=h100x4_4096_134217728_24275256
JOB_ID=24275256
NODE=gcn113.local.snellius.surf.nl
STARTED=2026-06-28T20:15:01+02:00
REPO_ROOT=/home/adong/JaxMARL-HFT
DATA_ROOT=/home/adong/JaxMARL-HFT/data
LOBSTER_DIR=/home/adong/JaxMARL-HFT/data/rawLOBSTER/AMZN/train
EXP_FILE=snellius_scripts/experiments/h100x4_4096_134217728.env
CUDA_VISIBLE_DEVICES=0,1,2,3
SLURM_GPUS=4
SLURM_CPUS_PER_TASK=64
