REPO_ROOT=/home/adong/JaxMARL-HFT
DATA_ROOT=/home/adong/JaxMARL-HFT/data
VENV_DIR=/home/adong/JaxMARL-HFT/.venv
CACHE_ROOT=/home/adong/JaxMARL-HFT/.cache
LOG_DIR=/home/adong/JaxMARL-HFT/slurm_logs
RUN_ROOT=/home/adong/JaxMARL-HFT/runs
SOFTWARE_STACK=AUTO
PYTHON_MODULE=Python/3.12.3-GCCcore-13.3.0
WANDB_ENTITY_DEFAULT=ark-dong-university-of-amsterdam
Using software stack: 2024
Using Python module: Python/3.12.3-GCCcore-13.3.0
Python 3.12.3
RUN_ID=h100x4_4096_33554432_24275255
JOB_ID=24275255
NODE=gcn112.local.snellius.surf.nl
STARTED=2026-06-28T20:15:02+02:00
REPO_ROOT=/home/adong/JaxMARL-HFT
DATA_ROOT=/home/adong/JaxMARL-HFT/data
LOBSTER_DIR=/home/adong/JaxMARL-HFT/data/rawLOBSTER/AMZN/train
EXP_FILE=snellius_scripts/experiments/h100x4_4096_33554432.env
CUDA_VISIBLE_DEVICES=0,1,2,3
SLURM_GPUS=4
SLURM_CPUS_PER_TASK=64
============================================================
JaxMARL-HFT training job
============================================================
Run ID:             h100x4_4096_33554432_24275255
Job ID:             24275255
Node:               gcn112.local.snellius.surf.nl
Started:            2026-06-28T20:15:02+02:00
Repo:               /home/adong/JaxMARL-HFT
Data root:          /home/adong/JaxMARL-HFT/data
LOBSTER dir:        /home/adong/JaxMARL-HFT/data/rawLOBSTER/AMZN/train
Stock/period:       AMZN / train
Train script:       gymnax_exchange/jaxrl/MARL/ippo_rnn_JAXMARL.py
Hydra config:       ippo_rnn_JAXMARL_2player
NUM_ENVS:           4096
NUM_STEPS:          64
TOTAL_TIMESTEPS:    33554432
Expected updates:   128
N_DEVICES:          4
WandB mode/project: online / pilot
Run dir:            /home/adong/JaxMARL-HFT/runs/h100x4_4096_33554432_24275255
CUDA_VISIBLE_DEVICES=0,1,2,3
============================================================
Sun Jun 28 20:15:02 2026       
+-----------------------------------------------------------------------------------------+
| NVIDIA-SMI 595.71.05              Driver Version: 595.71.05      CUDA Version: 13.2     |
+-----------------------------------------+------------------------+----------------------+
| GPU  Name                 Persistence-M | Bus-Id          Disp.A | Volatile Uncorr. ECC |
| Fan  Temp   Perf          Pwr:Usage/Cap |           Memory-Usage | GPU-Util  Compute M. |
|                                         |                        |               MIG M. |
|=========================================+========================+======================|
|   0  NVIDIA H100                    On  |   00000000:06:00.0 Off |                    0 |
| N/A   33C    P0             68W /  700W |       0MiB /  95830MiB |      0%      Default |
|                                         |                        |             Disabled |
+-----------------------------------------+------------------------+----------------------+
|   1  NVIDIA H100                    On  |   00000000:26:00.0 Off |                    0 |
| N/A   32C    P0             70W /  700W |       0MiB /  95830MiB |      0%      Default |
|                                         |                        |             Disabled |
+-----------------------------------------+------------------------+----------------------+
|   2  NVIDIA H100                    On  |   00000000:A6:00.0 Off |                    0 |
| N/A   33C    P0             67W /  700W |       0MiB /  95830MiB |      0%      Default |
|                                         |                        |             Disabled |
+-----------------------------------------+------------------------+----------------------+
|   3  NVIDIA H100                    On  |   00000000:C6:00.0 Off |                    0 |
| N/A   33C    P0             67W /  700W |       0MiB /  95830MiB |      0%      Default |
|                                         |                        |             Disabled |
+-----------------------------------------+------------------------+----------------------+

+-----------------------------------------------------------------------------------------+
| Processes:                                                                              |
|  GPU   GI   CI              PID   Type   Process name                        GPU Memory |
|        ID   ID                                                               Usage      |
|=========================================================================================|
|  No running processes found                                                             |
+-----------------------------------------------------------------------------------------+
CUDA_VISIBLE_DEVICES: 0,1,2,3
JAX version: 0.10.2
JAX devices: [CudaDevice(id=0), CudaDevice(id=1), CudaDevice(id=2), CudaDevice(id=3)]
JAX local device count: 4
OK: JAX can see 4 GPU(s)
/gpfs/home4/adong/JaxMARL-HFT
Num Jax Devices: 4 Device List: [CudaDevice(id=0), CudaDevice(id=1), CudaDevice(id=2), CudaDevice(id=3)]
Num Jax Devices: 4 Device List: [CudaDevice(id=0), CudaDevice(id=1), CudaDevice(id=2), CudaDevice(id=3)]
Loading the env config from file 
	config/env_configs/2_player_fq_fqc.json 
********* DEBUG ********** 
 Loaded env_config:  MultiAgentConfig(world_config=World_EnvironmentConfig(maxint=2147483647, init_id=-2, book_depth=10, cancel_mode=1, type_4_interpretation=0, seed=42, nTrades=100, nOrders=100, simulator_mode=0, empty_slot_val=-1, debug_mode=False, check_book_fill=True, start_resolution=64, alphatradePath='/gpfs/home4/adong/JaxMARL-HFT', dataPath='/gpfs/home4/adong/JaxMARL-HFT/data', stock='AMZN', timePeriod='train', n_data_msg_per_step=100, window_selector=-1, ep_type='fixed_steps', episode_time=64, day_start=34200, day_end=57600, tick_size=100, trader_id_range_start=-100, placeholder_order_id=-198, artificial_trader_id_end_episode=-199, artificial_order_id_end_episode=-199, any_message_obs_space=False, order_id_counter_start_when_resetting=-200, shuffle_action_messages=True, use_pickles_for_init=True, save_raw_observations=False), dict_of_agents_configs={'MarketMaking': MarketMaking_EnvironmentConfig(debug_mode=False, short_name='MM', normalize=True, clip_reward=False, exclude_extreme_spreads=False, fixed_action_setting=False, fixed_action=0, simple_nothing_action=True, sell_buy_all_option=False, based_on_mid_price_of_action=True, tenth_action='MarketOrder', bob_v0=1, action_space='fixed_quants', observation_space='basic', reward_function='spooner_asym_damped2', spread_multiplier=3.0, skew_multiplier=5.0, n_ticks_offset=1, fixed_quant_value=1, auto_liquidate_threshold=0, auto_liquidate_alpha=1.0, unwind_price_penalty=0, inv_penalty='none', volume_traded_bonus='none', reference_price='mid', unwind_price='mid', inv_penalty_lambda=1.0, inv_penalty_quadratic_factor=50.0, inv_penalty_threshold=10.0, multiplier_type='tick', reward_scaling_quo=10.0, inventoryPnL_eta=0.6, inventoryPnL_gamma=0.1, rebate_bps=0.4, unrealizedPnL_lambda=0.1, avst_k_parameter=0.61, avst_var_parameter=280, time_delay_obs_act=0, n_actions=10, num_messages_by_agent=4, num_action_messages_by_agent=2), 'Execution': Execution_EnvironmentConfig(debug_mode=False, larger_far_touch_quant=False, normalize=True, short_name='EXE', action_type='pure', task='random', action_space='fixed_quants_complex', observation_space='engineered', reward_function='normal', task_size=600, n_ticks_in_book=1, fixed_quant_value=10, reward_lambda=0.1, reward_scaling_quo=10.0, doom_price_penalty=3, reference_price='far_touch', time_delay_obs_act=0, n_actions=13, num_messages_by_agent=8, num_action_messages_by_agent=4)}, number_of_agents_per_type=[1, 1])
Note: The sweep parameters in yaml will override these settings.
Create sweep with ID: d7i6hxrk
Sweep URL: https://wandb.ai/ark-dong-university-of-amsterdam/pilot/sweeps/d7i6hxrk
The sweep ID is:  d7i6hxrk
Final check: the wandb.config object used in this run is 
 	 {'LR': [0.00025, 0.00025], 'NUM_ENVS': 4096, 'NUM_STEPS': 64, 'NUM_STEPS_EVAL': 64, 'GRU_HIDDEN_DIM': 256, 'FC_DIM_SIZE': 256, 'TOTAL_TIMESTEPS': 33554432, 'UPDATE_EPOCHS': 4, 'NUM_MINIBATCHES': 4, 'GAMMA': [0.999999999, 0.999], 'GAE_LAMBDA': [0.85, 0.9], 'CLIP_EPS': 0.2, 'SCALE_CLIP_EPS': [False, False], 'ENT_COEF': [0.01, 0.01], 'VF_COEF': [0.5, 0.5], 'MAX_GRAD_NORM': [0.5, 0.5], 'ACTIVATION': ['relu', 'relu'], 'ENV_NAME': 'JAXMARL-Lob-v0', 'NUM_AGENTS_PER_TYPE': [1, 1], 'N_DEVICES': 4, 'ENV_CONFIG': 'config/env_configs/2_player_fq_fqc.json', 'ANNEAL_LR': [True, True], 'ENTITY': 'ark-dong-university-of-amsterdam', 'PROJECT': 'pilot', 'WANDB_MODE': 'online', 'CALC_EVAL': False, 'TimePeriod': 'train', 'EvalTimePeriod': 'train', 'Calculate Baseline': False, 'Timing': True, 'SWEEP_PARAMETERS': {'SEED': {'values': [42]}, 'AGENT_CONFIGS': {'parameters': {'MarketMaking': {'parameters': {'inv_penalty': {'values': ['none']}}}, 'Execution': {'parameters': {'reward_lambda': {'values': [0.1]}}}}}}, 'world_config': {'check_book_fill': True, 'alphatradePath': '/gpfs/home4/adong/JaxMARL-HFT', 'n_data_msg_per_step': 100, 'start_resolution': 64, 'simulator_mode': 0, 'seed': 42, 'shuffle_action_messages': True, 'dataPath': '/gpfs/home4/adong/JaxMARL-HFT/data', 'use_pickles_for_init': True, 'episode_time': 64, 'tick_size': 100, 'nOrders': 100, 'init_id': -2, 'timePeriod': 'train', 'save_raw_observations': False, 'artificial_trader_id_end_episode': -199, 'empty_slot_val': -1, 'any_message_obs_space': False, 'stock': 'AMZN', 'trader_id_range_start': -100, 'maxint': 2147483647, 'day_start': 34200, 'placeholder_order_id': -198, 'window_selector': -1, 'nTrades': 100, 'cancel_mode': 1, 'debug_mode': False, 'type_4_interpretation': 0, 'order_id_counter_start_when_resetting': -200, 'artificial_order_id_end_episode': -199, 'day_end': 57600, 'ep_type': 'fixed_steps', 'book_depth': 10}, 'dict_of_agents_configs': {'MarketMaking': {'inventoryPnL_gamma': 0.1, 'action_space': 'fixed_quants', 'unwind_price': 'mid', 'time_delay_obs_act': 0, 'fixed_quant_value': 1, 'multiplier_type': 'tick', 'bob_v0': 1, 'simple_nothing_action': True, 'fixed_action': 0, 'short_name': 'MM', 'avst_k_parameter': 0.61, 'spread_multiplier': 3, 'unrealizedPnL_lambda': 0.1, 'reward_scaling_quo': 10, 'inv_penalty_lambda': 1, 'normalize': True, 'avst_var_parameter': 280, 'inv_penalty': 'none', 'inventoryPnL_eta': 0.6, 'auto_liquidate_threshold': 0, 'auto_liquidate_alpha': 1, 'exclude_extreme_spreads': False, 'based_on_mid_price_of_action': True, 'num_action_messages_by_agent': 2, 'reward_function': 'spooner_asym_damped2', 'n_actions': 10, 'skew_multiplier': 5, 'observation_space': 'basic', 'num_messages_by_agent': 4, 'sell_buy_all_option': False, 'debug_mode': False, 'inv_penalty_quadratic_factor': 50, 'reference_price': 'mid', 'inv_penalty_threshold': 10, 'tenth_action': 'MarketOrder', 'rebate_bps': 0.4, 'unwind_price_penalty': 0, 'n_ticks_offset': 1, 'fixed_action_setting': False, 'volume_traded_bonus': 'none', 'clip_reward': False}, 'Execution': {'fixed_quant_value': 10, 'task': 'random', 'num_messages_by_agent': 8, 'doom_price_penalty': 3, 'reward_function': 'normal', 'n_actions': 13, 'num_action_messages_by_agent': 4, 'normalize': True, 'reward_lambda': 0.1, 'n_ticks_in_book': 1, 'debug_mode': False, 'short_name': 'EXE', 'reward_scaling_quo': 10, 'time_delay_obs_act': 0, 'larger_far_touch_quant': False, 'task_size': 600, 'reference_price': 'far_touch', 'action_space': 'fixed_quants_complex', 'action_type': 'pure', 'observation_space': 'engineered'}}, 'number_of_agents_per_type': [1, 1], 'AGENT_CONFIGS': {'Execution': {'reward_lambda': 0.1}, 'MarketMaking': {'inv_penalty': 'none'}}, 'SEED': 42}
Overriding the Agent config objects with the variable from the sweep parameters.
The training environment config, after copying of sweep parameters is 
	  MultiAgentConfig(world_config=World_EnvironmentConfig(maxint=2147483647, init_id=-2, book_depth=10, cancel_mode=1, type_4_interpretation=0, seed=42, nTrades=100, nOrders=100, simulator_mode=0, empty_slot_val=-1, debug_mode=False, check_book_fill=True, start_resolution=64, alphatradePath='/gpfs/home4/adong/JaxMARL-HFT', dataPath='/gpfs/home4/adong/JaxMARL-HFT/data', stock='AMZN', timePeriod='train', n_data_msg_per_step=100, window_selector=-1, ep_type='fixed_steps', episode_time=64, day_start=34200, day_end=57600, tick_size=100, trader_id_range_start=-100, placeholder_order_id=-198, artificial_trader_id_end_episode=-199, artificial_order_id_end_episode=-199, any_message_obs_space=False, order_id_counter_start_when_resetting=-200, shuffle_action_messages=True, use_pickles_for_init=True, save_raw_observations=False), dict_of_agents_configs={'Execution': Execution_EnvironmentConfig(debug_mode=False, larger_far_touch_quant=False, normalize=True, short_name='EXE', action_type='pure', task='random', action_space='fixed_quants_complex', observation_space='engineered', reward_function='normal', task_size=600, n_ticks_in_book=1, fixed_quant_value=10, reward_lambda=0.1, reward_scaling_quo=10, doom_price_penalty=3, reference_price='far_touch', time_delay_obs_act=0, n_actions=13, num_messages_by_agent=8, num_action_messages_by_agent=4), 'MarketMaking': MarketMaking_EnvironmentConfig(debug_mode=False, short_name='MM', normalize=True, clip_reward=False, exclude_extreme_spreads=False, fixed_action_setting=False, fixed_action=0, simple_nothing_action=True, sell_buy_all_option=False, based_on_mid_price_of_action=True, tenth_action='MarketOrder', bob_v0=1, action_space='fixed_quants', observation_space='basic', reward_function='spooner_asym_damped2', spread_multiplier=3, skew_multiplier=5, n_ticks_offset=1, fixed_quant_value=1, auto_liquidate_threshold=0, auto_liquidate_alpha=1, unwind_price_penalty=0, inv_penalty='none', volume_traded_bonus='none', reference_price='mid', unwind_price='mid', inv_penalty_lambda=1, inv_penalty_quadratic_factor=50, inv_penalty_threshold=10, multiplier_type='tick', reward_scaling_quo=10, inventoryPnL_eta=0.6, inventoryPnL_gamma=0.1, rebate_bps=0.4, unrealizedPnL_lambda=0.1, avst_k_parameter=0.61, avst_var_parameter=280, time_delay_obs_act=0, n_actions=10, num_messages_by_agent=4, num_action_messages_by_agent=2)}, number_of_agents_per_type=[1, 1])
LoadLOBSTER_resample __init__: The datapaths considered are ['/gpfs/home4/adong/JaxMARL-HFT/data/rawLOBSTER/AMZN/train/']
LoadLOBSTER_resample __init__: Found 74 message files
LoadLOBSTER_resample __init__: Found 74 book files
LoadLOBSTER_resample run_loading: loading cached arrays from /gpfs/home4/adong/JaxMARL-HFT/saved_npz/loaded_lobster_LoadLOBSTER_resample_AMZN_train_10_fixed_steps_64_64_100_34200_57600.npz
BaseLOBEnv _init_states:  pre-reset in the initialization
BaseLOBEnv _init_states: pre-reset will be saved to or loaded from 
	/gpfs/home4/adong/JaxMARL-HFT/pre_reset_states/ResetStates_BaseLOBEnv_AMZN_train_10_fixed_steps_64_64_100_34200_57600.pkl
BaseLOBEnv _init_states: initial states have been loaded successfully
BaseLOBEnv _init_states: All initial reset states are ready.
Multi-device: 4 device(s) detected, sharding 4096 envs across them
[2026-06-28 20:16:00,479][root][INFO] - [process=0] Created OpTracker for checkpoint_manager_save with operation id 1
Saving checkpoints to directory: 
 	 /gpfs/home4/adong/JaxMARL-HFT/checkpoints/MARLCheckpoints/pilot/olive-sweep-1
Starting Update step 1/128
Finished compiling
Update step: 0
Action shape is  (64, 4096)
Action shape is  (64, 4096)
avg_reward_EXE -0.7939316034317017
avg_reward_MM -0.0066683655604720116
Update step 1 completed
Param sharding: NamedSharding(mesh=Mesh('batch': 4, axis_types=(Auto,)), spec=P(), memory_kind=device)
Obs sharding: NamedSharding(mesh=Mesh('batch': 4, axis_types=(Auto,)), spec=P('batch',), memory_kind=device)
Saving checkpoint 1
[2026-06-28 20:16:30,005][root][INFO] - [process=0] Created OpTracker for checkpoint_manager_save with operation id 2
Starting Update step 2/128
Finished compiling
